        -:    0:Source:dominion.c
        -:    0:Graph:dominion.gcno
        -:    0:Data:dominion.gcda
        -:    0:Runs:9
        -:    0:Programs:9
        -:    1:#include "dominion.h"
        -:    2:#include "dominion_helpers.h"
        -:    3:#include "rngs.h"
        -:    4:#include <stdio.h>
        -:    5:#include <math.h>
        -:    6:#include <stdlib.h>
        -:    7:
    19800:    8:int compare(const void* a, const void* b) {
    19800:    9:  if (*(int*)a > *(int*)b)
    #####:   10:    return 1;
    19800:   11:  if (*(int*)a < *(int*)b)
     5280:   12:    return -1;
    14520:   13:  return 0;
        -:   14:}
        -:   15:
    #####:   16:struct gameState* newGame() {
    #####:   17:  struct gameState* g = malloc(sizeof(struct gameState));
    #####:   18:  return g;
        -:   19:}
        -:   20:
    #####:   21:int* kingdomCards(int k1, int k2, int k3, int k4, int k5, int k6, int k7,
        -:   22:		  int k8, int k9, int k10) {
    #####:   23:  int* k = malloc(10 * sizeof(int));
    #####:   24:  k[0] = k1;
    #####:   25:  k[1] = k2;
    #####:   26:  k[2] = k3;
    #####:   27:  k[3] = k4;
    #####:   28:  k[4] = k5;
    #####:   29:  k[5] = k6;
    #####:   30:  k[6] = k7;
    #####:   31:  k[7] = k8;
    #####:   32:  k[8] = k9;
    #####:   33:  k[9] = k10;
    #####:   34:  return k;
        -:   35:}
        -:   36:
     1001:   37:int initializeGame(int numPlayers, int kingdomCards[10], int randomSeed,
        -:   38:		   struct gameState *state) {
        -:   39:
        -:   40:  int i;
        -:   41:  int j;
        -:   42:  int it;
        -:   43:  //set up random number generator
     1001:   44:  SelectStream(1);
     1001:   45:  PutSeed((long)randomSeed);
        -:   46:
        -:   47:  //check number of players
     1001:   48:  if (numPlayers > MAX_PLAYERS || numPlayers < 2)
        -:   49:    {
      475:   50:      return -1;
        -:   51:    }
        -:   52:
        -:   53:  //set number of players
      526:   54:  state->numPlayers = numPlayers;
        -:   55:
        -:   56:  //check selected kingdom cards are different
     5786:   57:  for (i = 0; i < 10; i++)
        -:   58:    {
    57860:   59:      for (j = 0; j < 10; j++)
        -:   60:        {
    52600:   61:	  if (j != i && kingdomCards[j] == kingdomCards[i])
        -:   62:	    {
    #####:   63:	      return -1;
        -:   64:	    }
        -:   65:        }
        -:   66:    }
        -:   67:
        -:   68:
        -:   69:  //initialize supply
        -:   70:  ///////////////////////////////
        -:   71:
        -:   72:  //set number of Curse cards
      526:   73:  if (numPlayers == 2)
        -:   74:    {
      258:   75:      state->supplyCount[curse] = 10;
        -:   76:    }
      268:   77:  else if (numPlayers == 3)
        -:   78:    {
      268:   79:      state->supplyCount[curse] = 20;
        -:   80:    }
        -:   81:  else
        -:   82:    {
    #####:   83:      state->supplyCount[curse] = 30;
        -:   84:    }
        -:   85:
        -:   86:  //set number of Victory cards
      526:   87:  if (numPlayers == 2)
        -:   88:    {
      258:   89:      state->supplyCount[estate] = 8;
      258:   90:      state->supplyCount[duchy] = 8;
      258:   91:      state->supplyCount[province] = 8;
        -:   92:    }
        -:   93:  else
        -:   94:    {
      268:   95:      state->supplyCount[estate] = 12;
      268:   96:      state->supplyCount[duchy] = 12;
      268:   97:      state->supplyCount[province] = 12;
        -:   98:    }
        -:   99:
        -:  100:  //set number of Treasure cards
      526:  101:  state->supplyCount[copper] = 60 - (7 * numPlayers);
      526:  102:  state->supplyCount[silver] = 40;
      526:  103:  state->supplyCount[gold] = 30;
        -:  104:
        -:  105:  //set number of Kingdom cards
    11046:  106:  for (i = adventurer; i <= treasure_map; i++)       	//loop all cards
        -:  107:    {
    86790:  108:      for (j = 0; j < 10; j++)           		//loop chosen cards
        -:  109:	{
    81530:  110:	  if (kingdomCards[j] == i)
        -:  111:	    {
        -:  112:	      //check if card is a 'Victory' Kingdom card
     5260:  113:	      if (kingdomCards[j] == great_hall || kingdomCards[j] == gardens)
        -:  114:		{
    #####:  115:		  if (numPlayers == 2){
    #####:  116:		    state->supplyCount[i] = 8;
        -:  117:		  }
    #####:  118:		  else{ state->supplyCount[i] = 12; }
        -:  119:		}
        -:  120:	      else
        -:  121:		{
     5260:  122:		  state->supplyCount[i] = 10;
        -:  123:		}
     5260:  124:	      break;
        -:  125:	    }
        -:  126:	  else    //card is not in the set choosen for the game
        -:  127:	    {
    76270:  128:	      state->supplyCount[i] = -1;
        -:  129:	    }
        -:  130:	}
        -:  131:
        -:  132:    }
        -:  133:
        -:  134:  ////////////////////////
        -:  135:  //supply intilization complete
        -:  136:
        -:  137:  //set player decks
     1846:  138:  for (i = 0; i < numPlayers; i++)
        -:  139:    {
     1320:  140:      state->deckCount[i] = 0;
     5280:  141:      for (j = 0; j < 3; j++)
        -:  142:	{
     3960:  143:	  state->deck[i][j] = estate;
     3960:  144:	  state->deckCount[i]++;
        -:  145:	}
    10560:  146:      for (j = 3; j < 10; j++)
        -:  147:	{
     9240:  148:	  state->deck[i][j] = copper;
     9240:  149:	  state->deckCount[i]++;
        -:  150:	}
        -:  151:    }
        -:  152:
        -:  153:  //shuffle player decks
     1846:  154:  for (i = 0; i < numPlayers; i++)
        -:  155:    {
     1320:  156:      if ( shuffle(i, state) < 0 )
        -:  157:	{
    #####:  158:	  return -1;
        -:  159:	}
        -:  160:    }
        -:  161:
        -:  162:  //draw player hands
     1846:  163:  for (i = 0; i < numPlayers; i++)
        -:  164:    {
        -:  165:      //initialize hand size to zero
     1320:  166:      state->handCount[i] = 0;
     1320:  167:      state->discardCount[i] = 0;
        -:  168:      //draw 5 cards
        -:  169:      // for (j = 0; j < 5; j++)
        -:  170:      //	{
        -:  171:      //	  drawCard(i, state);
        -:  172:      //	}
        -:  173:    }
        -:  174:
        -:  175:  //set embargo tokens to 0 for all supply piles
    14728:  176:  for (i = 0; i <= treasure_map; i++)
        -:  177:    {
    14202:  178:      state->embargoTokens[i] = 0;
        -:  179:    }
        -:  180:
        -:  181:  //initialize first player's turn
      526:  182:  state->outpostPlayed = 0;
      526:  183:  state->phase = 0;
      526:  184:  state->numActions = 1;
      526:  185:  state->numBuys = 1;
      526:  186:  state->playedCardCount = 0;
      526:  187:  state->whoseTurn = 0;
      526:  188:  state->handCount[state->whoseTurn] = 0;
        -:  189:  //int it; move to top
        -:  190:
        -:  191:  //Moved draw cards to here, only drawing at the start of a turn
     3156:  192:  for (it = 0; it < 5; it++){
     2630:  193:    drawCard(state->whoseTurn, state);
        -:  194:  }
        -:  195:
      526:  196:  updateCoins(state->whoseTurn, state, 0);
        -:  197:
      526:  198:  return 0;
        -:  199:}
        -:  200:
     3624:  201:int shuffle(int player, struct gameState *state) {
        -:  202:
        -:  203:
        -:  204:  int newDeck[MAX_DECK];
     3624:  205:  int newDeckPos = 0;
        -:  206:  int card;
        -:  207:  int i;
        -:  208:
     3624:  209:  if (state->deckCount[player] < 1)
     2304:  210:    return -1;
     1320:  211:  qsort ((void*)(state->deck[player]), state->deckCount[player], sizeof(int), compare);
        -:  212:  /* SORT CARDS IN DECK TO ENSURE DETERMINISM! */
        -:  213:
    15840:  214:  while (state->deckCount[player] > 0) {
    13200:  215:    card = floor(Random() * state->deckCount[player]);
    13200:  216:    newDeck[newDeckPos] = state->deck[player][card];
    13200:  217:    newDeckPos++;
    45912:  218:    for (i = card; i < state->deckCount[player]-1; i++) {
    32712:  219:      state->deck[player][i] = state->deck[player][i+1];
        -:  220:    }
    13200:  221:    state->deckCount[player]--;
        -:  222:  }
    14520:  223:  for (i = 0; i < newDeckPos; i++) {
    13200:  224:    state->deck[player][i] = newDeck[i];
    13200:  225:    state->deckCount[player]++;
        -:  226:  }
        -:  227:
     1320:  228:  return 0;
        -:  229:}
        -:  230:
    #####:  231:int playCard(int handPos, int choice1, int choice2, int choice3, struct gameState *state)
        -:  232:{
        -:  233:  int card;
    #####:  234:  int coin_bonus = 0; 		//tracks coins gain from actions
        -:  235:
        -:  236:  //check if it is the right phase
    #####:  237:  if (state->phase != 0)
        -:  238:    {
    #####:  239:      return -1;
        -:  240:    }
        -:  241:
        -:  242:  //check if player has enough actions
    #####:  243:  if ( state->numActions < 1 )
        -:  244:    {
    #####:  245:      return -1;
        -:  246:    }
        -:  247:
        -:  248:  //get card played
    #####:  249:  card = handCard(handPos, state);
        -:  250:
        -:  251:  //check if selected card is an action
    #####:  252:  if ( card < adventurer || card > treasure_map )
        -:  253:    {
    #####:  254:      return -1;
        -:  255:    }
        -:  256:
        -:  257:  //play card
    #####:  258:  if ( cardEffect(card, choice1, choice2, choice3, state, handPos, &coin_bonus) < 0 )
        -:  259:    {
    #####:  260:      return -1;
        -:  261:    }
        -:  262:
        -:  263:  //reduce number of actions
    #####:  264:  state->numActions--;
        -:  265:
        -:  266:  //update coins (Treasure cards may be added with card draws)
    #####:  267:  updateCoins(state->whoseTurn, state, coin_bonus);
        -:  268:
    #####:  269:  return 0;
        -:  270:}
        -:  271:
    #####:  272:int buyCard(int supplyPos, struct gameState *state) {
        -:  273:  int who;
        -:  274:  if (DEBUG){
        -:  275:    printf("Entering buyCard...\n");
        -:  276:  }
        -:  277:
        -:  278:  // I don't know what to do about the phase thing.
        -:  279:
    #####:  280:  who = state->whoseTurn;
        -:  281:
    #####:  282:  if (state->numBuys < 1){
        -:  283:    if (DEBUG)
        -:  284:      printf("You do not have any buys left\n");
    #####:  285:    return -1;
    #####:  286:  } else if (supplyCount(supplyPos, state) <1){
        -:  287:    if (DEBUG)
        -:  288:      printf("There are not any of that type of card left\n");
    #####:  289:    return -1;
    #####:  290:  } else if (state->coins < getCost(supplyPos)){
        -:  291:    if (DEBUG)
        -:  292:      printf("You do not have enough money to buy that. You have %d coins.\n", state->coins);
    #####:  293:    return -1;
        -:  294:  } else {
    #####:  295:    state->phase=1;
        -:  296:    //state->supplyCount[supplyPos]--;
    #####:  297:    gainCard(supplyPos, state, 0, who); //card goes in discard, this might be wrong.. (2 means goes into hand, 0 goes into discard)
        -:  298:
    #####:  299:    state->coins = (state->coins) - (getCost(supplyPos));
    #####:  300:    state->numBuys--;
        -:  301:    if (DEBUG)
        -:  302:      printf("You bought card number %d for %d coins. You now have %d buys and %d coins.\n", supplyPos, getCost(supplyPos), state->numBuys, state->coins);
        -:  303:  }
        -:  304:
        -:  305:  //state->discard[who][state->discardCount[who]] = supplyPos;
        -:  306:  //state->discardCount[who]++;
        -:  307:
    #####:  308:  return 0;
        -:  309:}
        -:  310:
       12:  311:int numHandCards(struct gameState *state) {
       12:  312:  return state->handCount[ whoseTurn(state) ];
        -:  313:}
        -:  314:
    #####:  315:int handCard(int handPos, struct gameState *state) {
    #####:  316:  int currentPlayer = whoseTurn(state);
    #####:  317:  return state->hand[currentPlayer][handPos];
        -:  318:}
        -:  319:
    #####:  320:int supplyCount(int card, struct gameState *state) {
    #####:  321:  return state->supplyCount[card];
        -:  322:}
        -:  323:
    #####:  324:int fullDeckCount(int player, int card, struct gameState *state) {
        -:  325:  int i;
    #####:  326:  int count = 0;
        -:  327:
    #####:  328:  for (i = 0; i < state->deckCount[player]; i++)
        -:  329:    {
    #####:  330:      if (state->deck[player][i] == card) count++;
        -:  331:    }
        -:  332:
    #####:  333:  for (i = 0; i < state->handCount[player]; i++)
        -:  334:    {
    #####:  335:      if (state->hand[player][i] == card) count++;
        -:  336:    }
        -:  337:
    #####:  338:  for (i = 0; i < state->discardCount[player]; i++)
        -:  339:    {
    #####:  340:      if (state->discard[player][i] == card) count++;
        -:  341:    }
        -:  342:
    #####:  343:  return count;
        -:  344:}
        -:  345:
     8526:  346:int whoseTurn(struct gameState *state) {
     8526:  347:  return state->whoseTurn;
        -:  348:}
        -:  349:
    #####:  350:int endTurn(struct gameState *state) {
        -:  351:  int k;
        -:  352:  int i;
    #####:  353:  int currentPlayer = whoseTurn(state);
        -:  354:
        -:  355:  //Discard hand
    #####:  356:  for (i = 0; i < state->handCount[currentPlayer]; i++){
    #####:  357:    state->discard[currentPlayer][state->discardCount[currentPlayer]++] = state->hand[currentPlayer][i];//Discard
    #####:  358:    state->hand[currentPlayer][i] = -1;//Set card to -1
        -:  359:  }
    #####:  360:  state->handCount[currentPlayer] = 0;//Reset hand count
        -:  361:
        -:  362:  //Code for determining the player
    #####:  363:  if (currentPlayer < (state->numPlayers - 1)){
    #####:  364:    state->whoseTurn = currentPlayer + 1;//Still safe to increment
        -:  365:  }
        -:  366:  else{
    #####:  367:    state->whoseTurn = 0;//Max player has been reached, loop back around to player 1
        -:  368:  }
        -:  369:
    #####:  370:  state->outpostPlayed = 0;
    #####:  371:  state->phase = 0;
    #####:  372:  state->numActions = 1;
    #####:  373:  state->coins = 0;
    #####:  374:  state->numBuys = 1;
    #####:  375:  state->playedCardCount = 0;
    #####:  376:  state->handCount[state->whoseTurn] = 0;
        -:  377:
        -:  378:  //int k; move to top
        -:  379:  //Next player draws hand
    #####:  380:  for (k = 0; k < 5; k++){
    #####:  381:    drawCard(state->whoseTurn, state);//Draw a card
        -:  382:  }
        -:  383:
        -:  384:  //Update money
    #####:  385:  updateCoins(state->whoseTurn, state , 0);
        -:  386:
    #####:  387:  return 0;
        -:  388:}
        -:  389:
     1002:  390:int isGameOver(struct gameState *state) {
        -:  391:  int i;
        -:  392:  int j;
        -:  393:
        -:  394:  //if stack of Province cards is empty, the game ends
     1002:  395:  if (state->supplyCount[province] == 0)
        -:  396:    {
      113:  397:      return 1;
        -:  398:    }
        -:  399:
        -:  400:  //if three supply pile are at 0, the game ends
      889:  401:  j = 0;
    23114:  402:  for (i = 0; i < 25; i++)
        -:  403:    {
    22225:  404:      if (state->supplyCount[i] == 0)
        -:  405:	{
     2664:  406:	  j++;
        -:  407:	}
        -:  408:    }
      889:  409:  if ( j >= 3)
        -:  410:    {
      888:  411:      return 1;
        -:  412:    }
        -:  413:
        1:  414:  return 0;
        -:  415:}
        -:  416:
     5592:  417:int scoreFor (int player, struct gameState *state) {
        -:  418:
        -:  419:  int i;
     5592:  420:  int score = 0;
        -:  421:  //score from hand
    27938:  422:  for (i = 0; i < state->handCount[player]; i++)
        -:  423:    {
    22346:  424:      if (state->hand[player][i] == curse) { score = score - 1; };
    22346:  425:      if (state->hand[player][i] == estate) { score = score + 1; };
    22346:  426:      if (state->hand[player][i] == duchy) { score = score + 3; };
    22346:  427:      if (state->hand[player][i] == province) { score = score + 6; };
    22346:  428:      if (state->hand[player][i] == great_hall) { score = score + 1; };
    22346:  429:      if (state->hand[player][i] == gardens) { score = score + ( fullDeckCount(player, 0, state) / 10 ); };
        -:  430:    }
        -:  431:
        -:  432:  //score from discard
     9278:  433:  for (i = 0; i < state->discardCount[player]; i++)
        -:  434:    {
     3686:  435:      if (state->discard[player][i] == curse) { score = score - 1; };
     3686:  436:      if (state->discard[player][i] == estate) { score = score + 1; };
     3686:  437:      if (state->discard[player][i] == duchy) { score = score + 3; };
     3686:  438:      if (state->discard[player][i] == province) { score = score + 6; };
     3686:  439:      if (state->discard[player][i] == great_hall) { score = score + 1; };
     3686:  440:      if (state->discard[player][i] == gardens) { score = score + ( fullDeckCount(player, 0, state) / 10 ); };
        -:  441:    }
        -:  442:
        -:  443:  //score from deck
     9278:  444:  for (i = 0; i < state->discardCount[player]; i++)
        -:  445:    {
     3686:  446:      if (state->deck[player][i] == curse) { score = score - 1; };
     3686:  447:      if (state->deck[player][i] == estate) { score = score + 1; };
     3686:  448:      if (state->deck[player][i] == duchy) { score = score + 3; };
     3686:  449:      if (state->deck[player][i] == province) { score = score + 6; };
     3686:  450:      if (state->deck[player][i] == great_hall) { score = score + 1; };
     3686:  451:      if (state->deck[player][i] == gardens) { score = score + ( fullDeckCount(player, 0, state) / 10 ); };
        -:  452:    }
        -:  453:
     5592:  454:  return score;
        -:  455:}
        -:  456:
    #####:  457:int getWinners(int players[MAX_PLAYERS], struct gameState *state) {
        -:  458:  int i;
        -:  459:  int j;
        -:  460:  int highScore;
        -:  461:  int currentPlayer;
        -:  462:
        -:  463:  //get score for each player
    #####:  464:  for (i = 0; i < MAX_PLAYERS; i++)
        -:  465:    {
        -:  466:      //set unused player scores to -9999
    #####:  467:      if (i >= state->numPlayers)
        -:  468:	{
    #####:  469:	  players[i] = -9999;
        -:  470:	}
        -:  471:      else
        -:  472:	{
    #####:  473:	  players[i] = scoreFor (i, state);
        -:  474:	}
        -:  475:    }
        -:  476:
        -:  477:  //find highest score
    #####:  478:  j = 0;
    #####:  479:  for (i = 0; i < MAX_PLAYERS; i++)
        -:  480:    {
    #####:  481:      if (players[i] > players[j])
        -:  482:	{
    #####:  483:	  j = i;
        -:  484:	}
        -:  485:    }
    #####:  486:  highScore = players[j];
        -:  487:
        -:  488:  //add 1 to players who had less turns
    #####:  489:  currentPlayer = whoseTurn(state);
    #####:  490:  for (i = 0; i < MAX_PLAYERS; i++)
        -:  491:    {
    #####:  492:      if ( players[i] == highScore && i > currentPlayer )
        -:  493:	{
    #####:  494:	  players[i]++;
        -:  495:	}
        -:  496:    }
        -:  497:
        -:  498:  //find new highest score
    #####:  499:  j = 0;
    #####:  500:  for (i = 0; i < MAX_PLAYERS; i++)
        -:  501:    {
    #####:  502:      if ( players[i] > players[j] )
        -:  503:	{
    #####:  504:	  j = i;
        -:  505:	}
        -:  506:    }
    #####:  507:  highScore = players[j];
        -:  508:
        -:  509:  //set winners in array to 1 and rest to 0
    #####:  510:  for (i = 0; i < MAX_PLAYERS; i++)
        -:  511:    {
    #####:  512:      if ( players[i] == highScore )
        -:  513:	{
    #####:  514:	  players[i] = 1;
        -:  515:	}
        -:  516:      else
        -:  517:	{
    #####:  518:	  players[i] = 0;
        -:  519:	}
        -:  520:    }
        -:  521:
    #####:  522:  return 0;
        -:  523:}
        -:  524:
    28991:  525:int drawCard(int player, struct gameState *state)
        -:  526:{	int count;
        -:  527:  int deckCounter;
    28991:  528:  if (state->deckCount[player] <= 0){//Deck is empty
        -:  529:
        -:  530:    //Step 1 Shuffle the discard pile back into a deck
        -:  531:    int i;
        -:  532:    //Move discard to deck
     1152:  533:    for (i = 0; i < state->discardCount[player];i++){
    #####:  534:      state->deck[player][i] = state->discard[player][i];
    #####:  535:      state->discard[player][i] = -1;
        -:  536:    }
        -:  537:
     1152:  538:    state->deckCount[player] = state->discardCount[player];
     1152:  539:    state->discardCount[player] = 0;//Reset discard
        -:  540:
        -:  541:    //Shufffle the deck
     1152:  542:    shuffle(player, state);//Shuffle the deck up and make it so that we can draw
        -:  543:
        -:  544:    if (DEBUG){//Debug statements
        -:  545:      printf("Deck count now: %d\n", state->deckCount[player]);
        -:  546:    }
        -:  547:
     1152:  548:    state->discardCount[player] = 0;
        -:  549:
        -:  550:    //Step 2 Draw Card
     1152:  551:    count = state->handCount[player];//Get current player's hand count
        -:  552:
        -:  553:    if (DEBUG){//Debug statements
        -:  554:      printf("Current hand count: %d\n", count);
        -:  555:    }
        -:  556:
     1152:  557:    deckCounter = state->deckCount[player];//Create a holder for the deck count
        -:  558:
     1152:  559:    if (deckCounter == 0)
     1152:  560:      return -1;
        -:  561:
    #####:  562:    state->hand[player][count] = state->deck[player][deckCounter - 1];//Add card to hand
    #####:  563:    state->deckCount[player]--;
    #####:  564:    state->handCount[player]++;//Increment hand count
        -:  565:  }
        -:  566:
        -:  567:  else{
    27839:  568:    int count = state->handCount[player];//Get current hand count for player
        -:  569:    int deckCounter;
        -:  570:    if (DEBUG){//Debug statements
        -:  571:      printf("Current hand count: %d\n", count);
        -:  572:    }
        -:  573:
    27839:  574:    deckCounter = state->deckCount[player];//Create holder for the deck count
    27839:  575:    state->hand[player][count] = state->deck[player][deckCounter - 1];//Add card to the hand
    27839:  576:    state->deckCount[player]--;
    27839:  577:    state->handCount[player]++;//Increment hand count
        -:  578:  }
        -:  579:
    27839:  580:  return 0;
        -:  581:}
        -:  582:
       35:  583:int getCost(int cardNumber)
        -:  584:{
       35:  585:  switch( cardNumber )
        -:  586:    {
        -:  587:    case curse:
        1:  588:      return 0;
        -:  589:    case estate:
        1:  590:      return 2;
        -:  591:    case duchy:
        1:  592:      return 5;
        -:  593:    case province:
        1:  594:      return 8;
        -:  595:    case copper:
        1:  596:      return 0;
        -:  597:    case silver:
        1:  598:      return 3;
        -:  599:    case gold:
        1:  600:      return 6;
        -:  601:    case adventurer:
        1:  602:      return 6;
        -:  603:    case council_room:
        1:  604:      return 5;
        -:  605:    case feast:
        1:  606:      return 4;
        -:  607:    case gardens:
        1:  608:      return 4;
        -:  609:    case mine:
        1:  610:      return 5;
        -:  611:    case remodel:
        1:  612:      return 4;
        -:  613:    case smithy:
        1:  614:      return 4;
        -:  615:    case village:
        1:  616:      return 3;
        -:  617:    case baron:
        1:  618:      return 4;
        -:  619:    case great_hall:
        1:  620:      return 3;
        -:  621:    case minion:
        1:  622:      return 5;
        -:  623:    case steward:
        1:  624:      return 3;
        -:  625:    case tribute:
        1:  626:      return 5;
        -:  627:    case ambassador:
        1:  628:      return 3;
        -:  629:    case cutpurse:
        1:  630:      return 4;
        -:  631:    case embargo:
        1:  632:      return 2;
        -:  633:    case outpost:
        1:  634:      return 5;
        -:  635:    case salvager:
        1:  636:      return 4;
        -:  637:    case sea_hag:
        1:  638:      return 4;
        -:  639:    case treasure_map:
        1:  640:      return 4;
        -:  641:    }
        -:  642:
        8:  643:  return -1;
        -:  644:}
        -:  645:
     4000:  646:int smithy_card(int handPos, struct gameState *state, int currentPlayer){
        -:  647:  //+3 Cards
        -:  648:  int i;
        -:  649:
    20000:  650:	  for (i = 0; i < 4; i++)	//4 not 3 bug here
        -:  651:	{
    16000:  652:	  drawCard(currentPlayer, state);
        -:  653:	}
        -:  654:
        -:  655:      //discard card from hand
     4000:  656:      discardCard(handPos, currentPlayer, state, 0);
     4000:  657:      return 0;
        -:  658:
        -:  659:}
     1001:  660:int adventurer_card(struct gameState *state, int currentPlayer){
        -:  661:  int temphand[MAX_HAND];// moved above the if statement
     1001:  662:  int drawntreasure=0;
        -:  663:  int cardDrawn;
     1001:  664:  int z = 0;
     8850:  665:  while(drawntreasure<5){	//error, lets you get 5 instead of 2 treasures
     6848:  666:	if (state->deckCount[currentPlayer] <1){//if the deck is empty we need to shuffle discard and add to deck
     1152:  667:	  shuffle(currentPlayer, state);
        -:  668:	}
     6848:  669:	drawCard(currentPlayer, state);
     6848:  670:	cardDrawn = state->hand[currentPlayer][state->handCount[currentPlayer]-1];//top card of hand is most recently drawn card.
     6848:  671:	if (cardDrawn == copper || cardDrawn == silver || cardDrawn == gold)
     5005:  672:	  drawntreasure++;
        -:  673:	else{
     1843:  674:	  temphand[z]=cardDrawn;
     1843:  675:	  state->handCount[currentPlayer]--; //this should just remove the top card (the most recently drawn one).
     1843:  676:	  z++;
        -:  677:	}
        -:  678:      }
     3845:  679:      while(z-1>=0){
     1843:  680:	state->discard[currentPlayer][state->discardCount[currentPlayer]++]=temphand[z-1]; // discard all cards in play that have been drawn
     1843:  681:	z=z-1;
        -:  682:      }
     1001:  683:      return 0;
        -:  684:
        -:  685:}
    #####:  686:int baron_card(int choice1, struct gameState *state, int currentPlayer){
    #####:  687:	state->numBuys++;//Increase buys by 1!
    #####:  688:      if (choice1 > 0){//Boolean true or going to discard an estate
    #####:  689:	int p = 0;//Iterator for hand!
    #####:  690:	int card_not_discarded = 1;//Flag for discard set!
    #####:  691:	while(card_not_discarded){
    #####:  692:	  if (state->hand[currentPlayer][p] == estate){//Found an estate card!
    #####:  693:	    state->coins += 4;//Add 4 coins to the amount of coins
    #####:  694:	    state->discard[currentPlayer][state->discardCount[currentPlayer]] = state->hand[currentPlayer][p];
    #####:  695:	    state->discardCount[currentPlayer]++;
    #####:  696:	    for (;p < state->handCount[currentPlayer]; p++){
    #####:  697:	      state->hand[currentPlayer][p] = state->hand[currentPlayer][p+1];
        -:  698:	    }
    #####:  699:	    state->hand[currentPlayer][state->handCount[currentPlayer]] = -1;
    #####:  700:	    state->handCount[currentPlayer]--;
    #####:  701:	    card_not_discarded = 0;//Exit the loop
        -:  702:	  }
    #####:  703:	  else if (p > state->handCount[currentPlayer]){
        -:  704:	    if(DEBUG) {
        -:  705:	      printf("No estate cards in your hand, invalid choice\n");
        -:  706:	      printf("Must gain an estate if there are any\n");
        -:  707:	    }
    #####:  708:	    if (supplyCount(estate, state) > 0){
    #####:  709:	      gainCard(estate, state, 0, currentPlayer);
    #####:  710:	      state->supplyCount[estate]--;//Decrement estates
    #####:  711:	      if (supplyCount(estate, state) == 0){
    #####:  712:		isGameOver(state);
        -:  713:	      }
        -:  714:	    }
    #####:  715:	    card_not_discarded = 0;//Exit the loop
        -:  716:	  }
        -:  717:
        -:  718:	  else{
    #####:  719:	    p++;//Next card
        -:  720:	  }
        -:  721:	}
        -:  722:      }
        -:  723:
        -:  724:      else{
    #####:  725:	if (supplyCount(estate, state) > 0){
    #####:  726:	  gainCard(estate, state, 0, currentPlayer);//Gain an estate
    #####:  727:	  state->supplyCount[estate]--;//Decrement Estates
    #####:  728:	  if (supplyCount(estate, state) == 0){
    #####:  729:	    isGameOver(state);
        -:  730:	  }
        -:  731:	}
        -:  732:      }
        -:  733:
        -:  734:
    #####:  735:      return 0;
        -:  736:
        -:  737:}
    #####:  738:int mine_card(int choice1,int choice2, int handPos, struct gameState *state, int currentPlayer){
        -:  739:	int i;
        -:  740:	int j;
        -:  741:
        -:  742:
    #####:  743:	j = state->hand[currentPlayer][choice1];  //store card we will trash
        -:  744:
    #####:  745:      if (state->hand[currentPlayer][choice1] < copper && state->hand[currentPlayer][choice1] > gold)
        -:  746:	{
    #####:  747:	  return -1;
        -:  748:	}
        -:  749:
    #####:  750:      if (choice2 > treasure_map || choice2 < curse)
        -:  751:	{
    #####:  752:	  return -1;
        -:  753:	}
        -:  754:
    #####:  755:      if ( (getCost(state->hand[currentPlayer][choice1]) + 3) > getCost(choice2) )
        -:  756:	{
    #####:  757:	  return -1;
        -:  758:	}
        -:  759:
    #####:  760:      gainCard(choice2, state, 2, currentPlayer);
        -:  761:
        -:  762:      //discard card from hand
    #####:  763:      discardCard(handPos, currentPlayer, state, 0);
        -:  764:
        -:  765:
        -:  766:      //discard trashed card
        -:  767:	  //
        -:  768:
    #####:  769:      for (i = 0; i < state->handCount[currentPlayer]; i++)
        -:  770:	{
    #####:  771:	  if (state->hand[currentPlayer][i] == j)
        -:  772:	    {
    #####:  773:	      discardCard(i, currentPlayer, state, 0);
    #####:  774:		  break;
        -:  775:	    }
        -:  776:	}
        -:  777:
        -:  778:
    #####:  779:      return 0;
        -:  780:
        -:  781:}
        -:  782:
        -:  783:
    #####:  784:int council_room_card(struct gameState *state, int handPos, int currentPlayer){
        -:  785:  //+4 Cards
        -:  786:  int i;
        -:  787:
    #####:  788:      for (i = 0; i < 4; i++)
        -:  789:  	  {
    #####:  790:	  drawCard(currentPlayer, state);
        -:  791:	}
        -:  792:
        -:  793:      //+1 Buy
    #####:  794:      state->numBuys++;
        -:  795:
        -:  796:      //Each other player draws a card
    #####:  797:      for (i = 0; i < state->numPlayers; i++)
        -:  798:	{
        -:  799:	 //bug, doesn' t exlude current player for additional draw
    #####:  800:		 if ( i == currentPlayer )// added bug changed not equal to equal
        -:  801:	    {
    #####:  802:	      drawCard(i, state);
        -:  803:	    }
        -:  804:	}
        -:  805:
        -:  806:      //put played card in played card pile
    #####:  807:      discardCard(handPos, currentPlayer, state, 0);
        -:  808:
    #####:  809:      return 0;
        -:  810:
        -:  811:}
        -:  812:
        -:  813:
     8514:  814:int cardEffect(int card, int choice1, int choice2, int choice3, struct gameState *state, int handPos, int *bonus)
        -:  815:{
        -:  816:  int i;
        -:  817:  int j;
        -:  818:  int k;
        -:  819:  int x;
        -:  820:  int index;
     8514:  821:  int currentPlayer = whoseTurn(state);
     8514:  822:  int nextPlayer = currentPlayer + 1;
        -:  823:
     8514:  824:  int tributeRevealedCards[2] = {-1, -1};
        -:  825:  int temphand[MAX_HAND];// moved above the if statement
        -:  826: // int drawntreasure=0;
        -:  827: // int cardDrawn;
        -:  828:  //int z = 0;// this is the counter for the temp hand
     8514:  829:  if (nextPlayer > (state->numPlayers - 1)){
     4554:  830:    nextPlayer = 0;
        -:  831:  }
        -:  832:
        -:  833:
        -:  834:  //uses switch to select card and perform actions
     8514:  835:  switch( card )
        -:  836:    {
        -:  837:
        -:  838:	//refactored
        -:  839:    case adventurer:
        -:  840:
     1001:  841:	return adventurer_card(state, currentPlayer);
        -:  842:
        -:  843:	//refactored
        -:  844:    case council_room:
    #####:  845:    	council_room_card(state, handPos, currentPlayer);
        -:  846:
        -:  847:
        -:  848:    case feast:
        -:  849:      //gain card with cost up to 5
        -:  850:      //Backup hand
    #####:  851:      for (i = 0; i <= state->handCount[currentPlayer]; i++){
    #####:  852:	temphand[i] = state->hand[currentPlayer][i];//Backup card
    #####:  853:	state->hand[currentPlayer][i] = -1;//Set to nothing
        -:  854:      }
        -:  855:      //Backup hand
        -:  856:
        -:  857:      //Update Coins for Buy
    #####:  858:      updateCoins(currentPlayer, state, 5);
    #####:  859:      x = 1;//Condition to loop on
    #####:  860:      while( x == 1) {//Buy one card
    #####:  861:	if (supplyCount(choice1, state) <= 0){
        -:  862:	  if (DEBUG)
        -:  863:	    printf("None of that card left, sorry!\n");
        -:  864:
        -:  865:	  if (DEBUG){
        -:  866:	    printf("Cards Left: %d\n", supplyCount(choice1, state));
        -:  867:	  }
        -:  868:	}
    #####:  869:	else if (state->coins < getCost(choice1)){
    #####:  870:	  printf("That card is too expensive!\n");
        -:  871:
        -:  872:	  if (DEBUG){
        -:  873:	    printf("Coins: %d < %d\n", state->coins, getCost(choice1));
        -:  874:	  }
        -:  875:	}
        -:  876:	else{
        -:  877:
        -:  878:	  if (DEBUG){
        -:  879:	    printf("Deck Count: %d\n", state->handCount[currentPlayer] + state->deckCount[currentPlayer] + state->discardCount[currentPlayer]);
        -:  880:	  }
        -:  881:
    #####:  882:	  gainCard(choice1, state, 0, currentPlayer);//Gain the card
    #####:  883:	  x = 0;//No more buying cards
        -:  884:
        -:  885:	  if (DEBUG){
        -:  886:	    printf("Deck Count: %d\n", state->handCount[currentPlayer] + state->deckCount[currentPlayer] + state->discardCount[currentPlayer]);
        -:  887:	  }
        -:  888:
        -:  889:	}
        -:  890:      }
        -:  891:
        -:  892:      //Reset Hand
    #####:  893:      for (i = 0; i <= state->handCount[currentPlayer]; i++){
    #####:  894:	state->hand[currentPlayer][i] = temphand[i];
    #####:  895:	temphand[i] = -1;
        -:  896:      }
        -:  897:      //Reset Hand
        -:  898:
    #####:  899:      return 0;
        -:  900:
        -:  901:    case gardens:
    #####:  902:      return -1;
        -:  903:
        -:  904:
        -:  905:
        -:  906:	//refactored
        -:  907:	case mine:
    #####:  908:     	return mine_card(choice1, choice2, handPos, state, currentPlayer);
        -:  909:
        -:  910:
        -:  911:
        -:  912:    case remodel:
    #####:  913:      j = state->hand[currentPlayer][choice1];  //store card we will trash
        -:  914:
    #####:  915:      if ( (getCost(state->hand[currentPlayer][choice1]) + 2) > getCost(choice2) )
        -:  916:	{
    #####:  917:	  return -1;
        -:  918:	}
        -:  919:
    #####:  920:      gainCard(choice2, state, 0, currentPlayer);
        -:  921:
        -:  922:      //discard card from hand
    #####:  923:      discardCard(handPos, currentPlayer, state, 0);
        -:  924:
        -:  925:      //discard trashed card
    #####:  926:      for (i = 0; i < state->handCount[currentPlayer]; i++)
        -:  927:	{
    #####:  928:	  if (state->hand[currentPlayer][i] == j)
        -:  929:	    {
    #####:  930:	      discardCard(i, currentPlayer, state, 0);
    #####:  931:	      break;
        -:  932:	    }
        -:  933:	}
        -:  934:
        -:  935:
    #####:  936:      return 0;
        -:  937:
        -:  938:
        -:  939:	  //refactored
        -:  940:    case smithy:
     4000:  941:   		return smithy_card(handPos, state, currentPlayer);
        -:  942:
        -:  943:    case village:
        -:  944:      //+1 Card
    #####:  945:      drawCard(currentPlayer, state);
        -:  946:
        -:  947:      //+2 Actions
    #####:  948:      state->numActions = state->numActions + 2;
        -:  949:
        -:  950:      //discard played card from hand
    #####:  951:      discardCard(handPos, currentPlayer, state, 0);
    #####:  952:      return 0;
        -:  953:
        -:  954:
        -:  955:	//refactored
        -:  956:    case baron:
    #####:  957:    	return baron_card(choice1, state, currentPlayer);
        -:  958:
        -:  959:    case great_hall:
        -:  960:      //+1 Card
     3513:  961:      drawCard(currentPlayer, state);
        -:  962:
        -:  963:      //+1 Actions
     3513:  964:      state->numActions++;
        -:  965:
        -:  966:      //discard card from hand
     3513:  967:      discardCard(handPos, currentPlayer, state, 0);
     3513:  968:      return 0;
        -:  969:
        -:  970:    case minion:
        -:  971:      //+1 action
    #####:  972:      state->numActions++;
        -:  973:
        -:  974:      //discard card from hand
    #####:  975:      discardCard(handPos, currentPlayer, state, 0);
        -:  976:
    #####:  977:      if (choice1)		//+2 coins
        -:  978:	{
    #####:  979:	  state->coins = state->coins + 2;
        -:  980:	}
        -:  981:
    #####:  982:      else if (choice2)		//discard hand, redraw 4, other players with 5+ cards discard hand and draw 4
        -:  983:	{
        -:  984:	  //discard hand
    #####:  985:	  while(numHandCards(state) > 0)
        -:  986:	    {
    #####:  987:	      discardCard(handPos, currentPlayer, state, 0);
        -:  988:	    }
        -:  989:
        -:  990:	  //draw 4
    #####:  991:	  for (i = 0; i < 4; i++)
        -:  992:	    {
    #####:  993:	      drawCard(currentPlayer, state);
        -:  994:	    }
        -:  995:
        -:  996:	  //other players discard hand and redraw if hand size > 4
    #####:  997:	  for (i = 0; i < state->numPlayers; i++)
        -:  998:	    {
    #####:  999:	      if (i != currentPlayer)
        -: 1000:		{
    #####: 1001:		  if ( state->handCount[i] > 4 )
        -: 1002:		    {
        -: 1003:		      //discard hand
    #####: 1004:		      while( state->handCount[i] > 0 )
        -: 1005:			{
    #####: 1006:			  discardCard(handPos, i, state, 0);
        -: 1007:			}
        -: 1008:
        -: 1009:		      //draw 4
    #####: 1010:		      for (j = 0; j < 4; j++)
        -: 1011:			{
    #####: 1012:			  drawCard(i, state);
        -: 1013:			}
        -: 1014:		    }
        -: 1015:		}
        -: 1016:	    }
        -: 1017:
        -: 1018:	}
    #####: 1019:      return 0;
        -: 1020:
        -: 1021:    case steward:
    #####: 1022:      if (choice1 == 1)
        -: 1023:	{
        -: 1024:	  //+2 cards
    #####: 1025:	  drawCard(currentPlayer, state);
    #####: 1026:	  drawCard(currentPlayer, state);
        -: 1027:	}
    #####: 1028:      else if (choice1 == 2)
        -: 1029:	{
        -: 1030:	  //+2 coins
    #####: 1031:	  state->coins = state->coins + 2;
        -: 1032:	}
        -: 1033:      else
        -: 1034:	{
        -: 1035:	  //trash 2 cards in hand
    #####: 1036:	  discardCard(choice2, currentPlayer, state, 1);
    #####: 1037:	  discardCard(choice3, currentPlayer, state, 1);
        -: 1038:	}
        -: 1039:
        -: 1040:      //discard card from hand
    #####: 1041:      discardCard(handPos, currentPlayer, state, 0);
    #####: 1042:      return 0;
        -: 1043:
        -: 1044:    case tribute:
    #####: 1045:      if ((state->discardCount[nextPlayer] + state->deckCount[nextPlayer]) <= 1){
    #####: 1046:	if (state->deckCount[nextPlayer] > 0){
    #####: 1047:	  tributeRevealedCards[0] = state->deck[nextPlayer][state->deckCount[nextPlayer]-1];
    #####: 1048:	  state->deckCount[nextPlayer]--;
        -: 1049:	}
    #####: 1050:	else if (state->discardCount[nextPlayer] > 0){
    #####: 1051:	  tributeRevealedCards[0] = state->discard[nextPlayer][state->discardCount[nextPlayer]-1];
    #####: 1052:	  state->discardCount[nextPlayer]--;
        -: 1053:	}
        -: 1054:	else{
        -: 1055:	  //No Card to Reveal
        -: 1056:	  if (DEBUG){
        -: 1057:	    printf("No cards to reveal\n");
        -: 1058:	  }
        -: 1059:	}
        -: 1060:      }
        -: 1061:
        -: 1062:      else{
    #####: 1063:	if (state->deckCount[nextPlayer] == 0){
    #####: 1064:	  for (i = 0; i < state->discardCount[nextPlayer]; i++){
    #####: 1065:	    state->deck[nextPlayer][i] = state->discard[nextPlayer][i];//Move to deck
    #####: 1066:	    state->deckCount[nextPlayer]++;
    #####: 1067:	    state->discard[nextPlayer][i] = -1;
    #####: 1068:	    state->discardCount[nextPlayer]--;
        -: 1069:	  }
        -: 1070:
    #####: 1071:	  shuffle(nextPlayer,state);//Shuffle the deck
        -: 1072:	}
    #####: 1073:	tributeRevealedCards[0] = state->deck[nextPlayer][state->deckCount[nextPlayer]-1];
    #####: 1074:	state->deck[nextPlayer][state->deckCount[nextPlayer]--] = -1;
    #####: 1075:	state->deckCount[nextPlayer]--;
    #####: 1076:	tributeRevealedCards[1] = state->deck[nextPlayer][state->deckCount[nextPlayer]-1];
    #####: 1077:	state->deck[nextPlayer][state->deckCount[nextPlayer]--] = -1;
    #####: 1078:	state->deckCount[nextPlayer]--;
        -: 1079:      }
        -: 1080:
    #####: 1081:      if (tributeRevealedCards[0] == tributeRevealedCards[1]){//If we have a duplicate card, just drop one
    #####: 1082:	state->playedCards[state->playedCardCount] = tributeRevealedCards[1];
    #####: 1083:	state->playedCardCount++;
    #####: 1084:	tributeRevealedCards[1] = -1;
        -: 1085:      }
        -: 1086:
    #####: 1087:      for (i = 0; i <= 2; i ++){
    #####: 1088:	if (tributeRevealedCards[i] == copper || tributeRevealedCards[i] == silver || tributeRevealedCards[i] == gold){//Treasure cards
    #####: 1089:	  state->coins += 2;
        -: 1090:	}
        -: 1091:
    #####: 1092:	else if (tributeRevealedCards[i] == estate || tributeRevealedCards[i] == duchy || tributeRevealedCards[i] == province || tributeRevealedCards[i] == gardens || tributeRevealedCards[i] == great_hall){//Victory Card Found
    #####: 1093:	  drawCard(currentPlayer, state);
    #####: 1094:	  drawCard(currentPlayer, state);
        -: 1095:	}
        -: 1096:	else{//Action Card
    #####: 1097:	  state->numActions = state->numActions + 2;
        -: 1098:	}
        -: 1099:      }
        -: 1100:
    #####: 1101:      return 0;
        -: 1102:
        -: 1103:    case ambassador:
    #####: 1104:      j = 0;		//used to check if player has enough cards to discard
        -: 1105:
    #####: 1106:      if (choice2 > 2 || choice2 < 0)
        -: 1107:	{
    #####: 1108:	  return -1;
        -: 1109:	}
        -: 1110:
    #####: 1111:      if (choice1 == handPos)
        -: 1112:	{
    #####: 1113:	  return -1;
        -: 1114:	}
        -: 1115:
    #####: 1116:      for (i = 0; i < state->handCount[currentPlayer]; i++)
        -: 1117:	{
    #####: 1118:	  if (i != handPos && i == state->hand[currentPlayer][choice1] && i != choice1)
        -: 1119:	    {
    #####: 1120:	      j++;
        -: 1121:	    }
        -: 1122:	}
    #####: 1123:      if (j < choice2)
        -: 1124:	{
    #####: 1125:	  return -1;
        -: 1126:	}
        -: 1127:
        -: 1128:      if (DEBUG)
        -: 1129:	printf("Player %d reveals card number: %d\n", currentPlayer, state->hand[currentPlayer][choice1]);
        -: 1130:
        -: 1131:      //increase supply count for choosen card by amount being discarded
    #####: 1132:      state->supplyCount[state->hand[currentPlayer][choice1]] += choice2;
        -: 1133:
        -: 1134:      //each other player gains a copy of revealed card
    #####: 1135:      for (i = 0; i < state->numPlayers; i++)
        -: 1136:	{
    #####: 1137:	  if (i != currentPlayer)
        -: 1138:	    {
    #####: 1139:	      gainCard(state->hand[currentPlayer][choice1], state, 0, i);
        -: 1140:	    }
        -: 1141:	}
        -: 1142:
        -: 1143:      //discard played card from hand
    #####: 1144:      discardCard(handPos, currentPlayer, state, 0);
        -: 1145:
        -: 1146:      //trash copies of cards returned to supply
    #####: 1147:      for (j = 0; j < choice2; j++)
        -: 1148:	{
    #####: 1149:	  for (i = 0; i < state->handCount[currentPlayer]; i++)
        -: 1150:	    {
    #####: 1151:	      if (state->hand[currentPlayer][i] == state->hand[currentPlayer][choice1])
        -: 1152:		{
    #####: 1153:		  discardCard(i, currentPlayer, state, 1);
    #####: 1154:		  break;
        -: 1155:		}
        -: 1156:	    }
        -: 1157:	}
        -: 1158:
    #####: 1159:      return 0;
        -: 1160:
        -: 1161:    case cutpurse:
        -: 1162:
    #####: 1163:      updateCoins(currentPlayer, state, 2);
    #####: 1164:      for (i = 0; i < state->numPlayers; i++)
        -: 1165:	{
    #####: 1166:	  if (i != currentPlayer)
        -: 1167:	    {
    #####: 1168:	      for (j = 0; j < state->handCount[i]; j++)
        -: 1169:		{
    #####: 1170:		  if (state->hand[i][j] == copper)
        -: 1171:		    {
    #####: 1172:		      discardCard(j, i, state, 0);
    #####: 1173:		      break;
        -: 1174:		    }
    #####: 1175:		  if (j == state->handCount[i])
        -: 1176:		    {
    #####: 1177:		      for (k = 0; k < state->handCount[i]; k++)
        -: 1178:			{
        -: 1179:			  if (DEBUG)
        -: 1180:			    printf("Player %d reveals card number %d\n", i, state->hand[i][k]);
        -: 1181:			}
    #####: 1182:		      break;
        -: 1183:		    }
        -: 1184:		}
        -: 1185:
        -: 1186:	    }
        -: 1187:
        -: 1188:	}
        -: 1189:
        -: 1190:      //discard played card from hand
    #####: 1191:      discardCard(handPos, currentPlayer, state, 0);
        -: 1192:
    #####: 1193:      return 0;
        -: 1194:
        -: 1195:
        -: 1196:    case embargo:
        -: 1197:      //+2 Coins
    #####: 1198:      state->coins = state->coins + 2;
        -: 1199:
        -: 1200:      //see if selected pile is in play
    #####: 1201:      if ( state->supplyCount[choice1] == -1 )
        -: 1202:	{
    #####: 1203:	  return -1;
        -: 1204:	}
        -: 1205:
        -: 1206:      //add embargo token to selected supply pile
    #####: 1207:      state->embargoTokens[choice1]++;
        -: 1208:
        -: 1209:      //trash card
    #####: 1210:      discardCard(handPos, currentPlayer, state, 1);
    #####: 1211:      return 0;
        -: 1212:
        -: 1213:    case outpost:
        -: 1214:      //set outpost flag
    #####: 1215:      state->outpostPlayed++;
        -: 1216:
        -: 1217:      //discard card
    #####: 1218:      discardCard(handPos, currentPlayer, state, 0);
    #####: 1219:      return 0;
        -: 1220:
        -: 1221:    case salvager:
        -: 1222:      //+1 buy
    #####: 1223:      state->numBuys++;
        -: 1224:
    #####: 1225:      if (choice1)
        -: 1226:	{
        -: 1227:	  //gain coins equal to trashed card
    #####: 1228:	  state->coins = state->coins + getCost( handCard(choice1, state) );
        -: 1229:	  //trash card
    #####: 1230:	  discardCard(choice1, currentPlayer, state, 1);
        -: 1231:	}
        -: 1232:
        -: 1233:      //discard card
    #####: 1234:      discardCard(handPos, currentPlayer, state, 0);
    #####: 1235:      return 0;
        -: 1236:
        -: 1237:    case sea_hag:
    #####: 1238:      for (i = 0; i < state->numPlayers; i++){
    #####: 1239:	if (i != currentPlayer){
    #####: 1240:	  state->discard[i][state->discardCount[i]] = state->deck[i][state->deckCount[i]--];			    state->deckCount[i]--;
    #####: 1241:	  state->discardCount[i]++;
    #####: 1242:	  state->deck[i][state->deckCount[i]--] = curse;//Top card now a curse
        -: 1243:	}
        -: 1244:      }
    #####: 1245:      return 0;
        -: 1246:
        -: 1247:    case treasure_map:
        -: 1248:      //search hand for another treasure_map
    #####: 1249:      index = -1;
    #####: 1250:      for (i = 0; i < state->handCount[currentPlayer]; i++)
        -: 1251:	{
    #####: 1252:	  if (state->hand[currentPlayer][i] == treasure_map && i != handPos)
        -: 1253:	    {
    #####: 1254:	      index = i;
    #####: 1255:	      break;
        -: 1256:	    }
        -: 1257:	}
    #####: 1258:      if (index > -1)
        -: 1259:	{
        -: 1260:	  //trash both treasure cards
    #####: 1261:	  discardCard(handPos, currentPlayer, state, 1);
    #####: 1262:	  discardCard(index, currentPlayer, state, 1);
        -: 1263:
        -: 1264:	  //gain 4 Gold cards
    #####: 1265:	  for (i = 0; i < 4; i++)
        -: 1266:	    {
    #####: 1267:	      gainCard(gold, state, 1, currentPlayer);
        -: 1268:	    }
        -: 1269:
        -: 1270:	  //return success
    #####: 1271:	  return 1;
        -: 1272:	}
        -: 1273:
        -: 1274:      //no second treasure_map found in hand
    #####: 1275:      return -1;
        -: 1276:    }
        -: 1277:
    #####: 1278:  return -1;
        -: 1279:}
        -: 1280:
     7513: 1281:int discardCard(int handPos, int currentPlayer, struct gameState *state, int trashFlag)
        -: 1282:{
        -: 1283:
        -: 1284:  //if card is not trashed, added to Played pile
     7513: 1285:  if (trashFlag < 1)
        -: 1286:    {
        -: 1287:      //add card to played pile
     7513: 1288:      state->playedCards[state->playedCardCount] = state->hand[currentPlayer][handPos];
     7513: 1289:      state->playedCardCount++;
        -: 1290:    }
        -: 1291:
        -: 1292:  //set played card to -1
     7513: 1293:  state->hand[currentPlayer][handPos] = -1;
        -: 1294:
        -: 1295:  //remove card from player's hand
     7513: 1296:  if ( handPos == (state->handCount[currentPlayer] - 1) ) 	//last card in hand array is played
        -: 1297:    {
        -: 1298:      //reduce number of cards in hand
        3: 1299:      state->handCount[currentPlayer]--;
        -: 1300:    }
     7510: 1301:  else if ( state->handCount[currentPlayer] == 1 ) //only one card in hand
        -: 1302:    {
        -: 1303:      //reduce number of cards in hand
    #####: 1304:      state->handCount[currentPlayer]--;
        -: 1305:    }
        -: 1306:  else
        -: 1307:    {
        -: 1308:      //replace discarded card with last card in hand
     7510: 1309:      state->hand[currentPlayer][handPos] = state->hand[currentPlayer][ (state->handCount[currentPlayer] - 1)];
        -: 1310:      //set last card to -1
     7510: 1311:      state->hand[currentPlayer][state->handCount[currentPlayer] - 1] = -1;
        -: 1312:      //reduce number of cards in hand
     7510: 1313:      state->handCount[currentPlayer]--;
        -: 1314:    }
        -: 1315:
     7513: 1316:  return 0;
        -: 1317:}
        -: 1318:
    #####: 1319:int gainCard(int supplyPos, struct gameState *state, int toFlag, int player)
        -: 1320:{
        -: 1321:  //Note: supplyPos is enum of choosen card
        -: 1322:
        -: 1323:  //check if supply pile is empty (0) or card is not used in game (-1)
    #####: 1324:  if ( supplyCount(supplyPos, state) < 1 )
        -: 1325:    {
    #####: 1326:      return -1;
        -: 1327:    }
        -: 1328:
        -: 1329:  //added card for [whoseTurn] current player:
        -: 1330:  // toFlag = 0 : add to discard
        -: 1331:  // toFlag = 1 : add to deck
        -: 1332:  // toFlag = 2 : add to hand
        -: 1333:
    #####: 1334:  if (toFlag == 1)
        -: 1335:    {
    #####: 1336:      state->deck[ player ][ state->deckCount[player] ] = supplyPos;
    #####: 1337:      state->deckCount[player]++;
        -: 1338:    }
    #####: 1339:  else if (toFlag == 2)
        -: 1340:    {
    #####: 1341:      state->hand[ player ][ state->handCount[player] ] = supplyPos;
    #####: 1342:      state->handCount[player]++;
        -: 1343:    }
        -: 1344:  else
        -: 1345:    {
    #####: 1346:      state->discard[player][ state->discardCount[player] ] = supplyPos;
    #####: 1347:      state->discardCount[player]++;
        -: 1348:    }
        -: 1349:
        -: 1350:  //decrease number in supply pile
    #####: 1351:  state->supplyCount[supplyPos]--;
        -: 1352:
    #####: 1353:  return 0;
        -: 1354:}
        -: 1355:
      534: 1356:int updateCoins(int player, struct gameState *state, int bonus)
        -: 1357:{
        -: 1358:  int i;
        -: 1359:
        -: 1360:  //reset coin count
      534: 1361:  state->coins = 0;
        -: 1362:
        -: 1363:  //add coins for each Treasure card in player's hand
     3164: 1364:  for (i = 0; i < state->handCount[player]; i++)
        -: 1365:    {
     2630: 1366:      if (state->hand[player][i] == copper)
        -: 1367:	{
     2104: 1368:	  state->coins += 1;
        -: 1369:	}
      526: 1370:      else if (state->hand[player][i] == silver)
        -: 1371:	{
    #####: 1372:	  state->coins += 2;
        -: 1373:	}
      526: 1374:      else if (state->hand[player][i] == gold)
        -: 1375:	{
    #####: 1376:	  state->coins += 3;
        -: 1377:	}
        -: 1378:    }
        -: 1379:
        -: 1380:  //add bonus
      534: 1381:  state->coins += bonus;
        -: 1382:
      534: 1383:  return 0;
        -: 1384:}
        -: 1385:
        -: 1386:
        -: 1387://end of dominion.c
