        -:    0:Source:dominion.c
        -:    0:Graph:dominion.gcno
        -:    0:Data:dominion.gcda
        -:    0:Runs:3
        -:    0:Programs:3
        -:    1:#include "dominion.h"
        -:    2:#include "dominion_helpers.h"
        -:    3:#include "rngs.h"
        -:    4:#include <stdio.h>
        -:    5:#include <math.h>
        -:    6:#include <stdlib.h>
        -:    7:
    18525:    8:int compare(const void* a, const void* b) {
    18525:    9:  if (*(int*)a > *(int*)b)
    #####:   10:    return 1;
    18525:   11:  if (*(int*)a < *(int*)b)
     4940:   12:    return -1;
    13585:   13:  return 0;
        -:   14:}
        -:   15:
    #####:   16:struct gameState* newGame() {
    #####:   17:  struct gameState* g = malloc(sizeof(struct gameState));
    #####:   18:  return g;
        -:   19:}
        -:   20:
    #####:   21:int* kingdomCards(int k1, int k2, int k3, int k4, int k5, int k6, int k7,
        -:   22:		  int k8, int k9, int k10) {
    #####:   23:  int* k = malloc(10 * sizeof(int));
    #####:   24:  k[0] = k1;
    #####:   25:  k[1] = k2;
    #####:   26:  k[2] = k3;
    #####:   27:  k[3] = k4;
    #####:   28:  k[4] = k5;
    #####:   29:  k[5] = k6;
    #####:   30:  k[6] = k7;
    #####:   31:  k[7] = k8;
    #####:   32:  k[8] = k9;
    #####:   33:  k[9] = k10;
    #####:   34:  return k;
        -:   35:}
        -:   36:
     1000:   37:int initializeGame(int numPlayers, int kingdomCards[10], int randomSeed,
        -:   38:		   struct gameState *state) {
        -:   39:
        -:   40:  int i;
        -:   41:  int j;
        -:   42:  int it;
        -:   43:  //set up random number generator
     1000:   44:  SelectStream(1);
     1000:   45:  PutSeed((long)randomSeed);
        -:   46:
        -:   47:  //check number of players
     1000:   48:  if (numPlayers > MAX_PLAYERS || numPlayers < 2)
        -:   49:    {
      503:   50:      return -1;
        -:   51:    }
        -:   52:
        -:   53:  //set number of players
      497:   54:  state->numPlayers = numPlayers;
        -:   55:
        -:   56:  //check selected kingdom cards are different
     5467:   57:  for (i = 0; i < 10; i++)
        -:   58:    {
    54670:   59:      for (j = 0; j < 10; j++)
        -:   60:        {
    49700:   61:	  if (j != i && kingdomCards[j] == kingdomCards[i])
        -:   62:	    {
    #####:   63:	      return -1;
        -:   64:	    }
        -:   65:        }
        -:   66:    }
        -:   67:
        -:   68:
        -:   69:  //initialize supply
        -:   70:  ///////////////////////////////
        -:   71:
        -:   72:  //set number of Curse cards
      497:   73:  if (numPlayers == 2)
        -:   74:    {
      256:   75:      state->supplyCount[curse] = 10;
        -:   76:    }
      241:   77:  else if (numPlayers == 3)
        -:   78:    {
      241:   79:      state->supplyCount[curse] = 20;
        -:   80:    }
        -:   81:  else
        -:   82:    {
    #####:   83:      state->supplyCount[curse] = 30;
        -:   84:    }
        -:   85:
        -:   86:  //set number of Victory cards
      497:   87:  if (numPlayers == 2)
        -:   88:    {
      256:   89:      state->supplyCount[estate] = 8;
      256:   90:      state->supplyCount[duchy] = 8;
      256:   91:      state->supplyCount[province] = 8;
        -:   92:    }
        -:   93:  else
        -:   94:    {
      241:   95:      state->supplyCount[estate] = 12;
      241:   96:      state->supplyCount[duchy] = 12;
      241:   97:      state->supplyCount[province] = 12;
        -:   98:    }
        -:   99:
        -:  100:  //set number of Treasure cards
      497:  101:  state->supplyCount[copper] = 60 - (7 * numPlayers);
      497:  102:  state->supplyCount[silver] = 40;
      497:  103:  state->supplyCount[gold] = 30;
        -:  104:
        -:  105:  //set number of Kingdom cards
    10437:  106:  for (i = adventurer; i <= treasure_map; i++)       	//loop all cards
        -:  107:    {
    82005:  108:      for (j = 0; j < 10; j++)           		//loop chosen cards
        -:  109:	{
    77035:  110:	  if (kingdomCards[j] == i)
        -:  111:	    {
        -:  112:	      //check if card is a 'Victory' Kingdom card
     4970:  113:	      if (kingdomCards[j] == great_hall || kingdomCards[j] == gardens)
        -:  114:		{
    #####:  115:		  if (numPlayers == 2){
    #####:  116:		    state->supplyCount[i] = 8;
        -:  117:		  }
    #####:  118:		  else{ state->supplyCount[i] = 12; }
        -:  119:		}
        -:  120:	      else
        -:  121:		{
     4970:  122:		  state->supplyCount[i] = 10;
        -:  123:		}
     4970:  124:	      break;
        -:  125:	    }
        -:  126:	  else    //card is not in the set choosen for the game
        -:  127:	    {
    72065:  128:	      state->supplyCount[i] = -1;
        -:  129:	    }
        -:  130:	}
        -:  131:
        -:  132:    }
        -:  133:
        -:  134:  ////////////////////////
        -:  135:  //supply intilization complete
        -:  136:
        -:  137:  //set player decks
     1732:  138:  for (i = 0; i < numPlayers; i++)
        -:  139:    {
     1235:  140:      state->deckCount[i] = 0;
     4940:  141:      for (j = 0; j < 3; j++)
        -:  142:	{
     3705:  143:	  state->deck[i][j] = estate;
     3705:  144:	  state->deckCount[i]++;
        -:  145:	}
     9880:  146:      for (j = 3; j < 10; j++)
        -:  147:	{
     8645:  148:	  state->deck[i][j] = copper;
     8645:  149:	  state->deckCount[i]++;
        -:  150:	}
        -:  151:    }
        -:  152:
        -:  153:  //shuffle player decks
     1732:  154:  for (i = 0; i < numPlayers; i++)
        -:  155:    {
     1235:  156:      if ( shuffle(i, state) < 0 )
        -:  157:	{
    #####:  158:	  return -1;
        -:  159:	}
        -:  160:    }
        -:  161:
        -:  162:  //draw player hands
     1732:  163:  for (i = 0; i < numPlayers; i++)
        -:  164:    {
        -:  165:      //initialize hand size to zero
     1235:  166:      state->handCount[i] = 0;
     1235:  167:      state->discardCount[i] = 0;
        -:  168:      //draw 5 cards
        -:  169:      // for (j = 0; j < 5; j++)
        -:  170:      //	{
        -:  171:      //	  drawCard(i, state);
        -:  172:      //	}
        -:  173:    }
        -:  174:
        -:  175:  //set embargo tokens to 0 for all supply piles
    13916:  176:  for (i = 0; i <= treasure_map; i++)
        -:  177:    {
    13419:  178:      state->embargoTokens[i] = 0;
        -:  179:    }
        -:  180:
        -:  181:  //initialize first player's turn
      497:  182:  state->outpostPlayed = 0;
      497:  183:  state->phase = 0;
      497:  184:  state->numActions = 1;
      497:  185:  state->numBuys = 1;
      497:  186:  state->playedCardCount = 0;
      497:  187:  state->whoseTurn = 0;
      497:  188:  state->handCount[state->whoseTurn] = 0;
        -:  189:  //int it; move to top
        -:  190:
        -:  191:  //Moved draw cards to here, only drawing at the start of a turn
     2982:  192:  for (it = 0; it < 5; it++){
     2485:  193:    drawCard(state->whoseTurn, state);
        -:  194:  }
        -:  195:
      497:  196:  updateCoins(state->whoseTurn, state, 0);
        -:  197:
      497:  198:  return 0;
        -:  199:}
        -:  200:
     1235:  201:int shuffle(int player, struct gameState *state) {
        -:  202:
        -:  203:
        -:  204:  int newDeck[MAX_DECK];
     1235:  205:  int newDeckPos = 0;
        -:  206:  int card;
        -:  207:  int i;
        -:  208:
     1235:  209:  if (state->deckCount[player] < 1)
    #####:  210:    return -1;
     1235:  211:  qsort ((void*)(state->deck[player]), state->deckCount[player], sizeof(int), compare);
        -:  212:  /* SORT CARDS IN DECK TO ENSURE DETERMINISM! */
        -:  213:
    14820:  214:  while (state->deckCount[player] > 0) {
    12350:  215:    card = floor(Random() * state->deckCount[player]);
    12350:  216:    newDeck[newDeckPos] = state->deck[player][card];
    12350:  217:    newDeckPos++;
    43014:  218:    for (i = card; i < state->deckCount[player]-1; i++) {
    30664:  219:      state->deck[player][i] = state->deck[player][i+1];
        -:  220:    }
    12350:  221:    state->deckCount[player]--;
        -:  222:  }
    13585:  223:  for (i = 0; i < newDeckPos; i++) {
    12350:  224:    state->deck[player][i] = newDeck[i];
    12350:  225:    state->deckCount[player]++;
        -:  226:  }
        -:  227:
     1235:  228:  return 0;
        -:  229:}
        -:  230:
    #####:  231:int playCard(int handPos, int choice1, int choice2, int choice3, struct gameState *state)
        -:  232:{
        -:  233:  int card;
    #####:  234:  int coin_bonus = 0; 		//tracks coins gain from actions
        -:  235:
        -:  236:  //check if it is the right phase
    #####:  237:  if (state->phase != 0)
        -:  238:    {
    #####:  239:      return -1;
        -:  240:    }
        -:  241:
        -:  242:  //check if player has enough actions
    #####:  243:  if ( state->numActions < 1 )
        -:  244:    {
    #####:  245:      return -1;
        -:  246:    }
        -:  247:
        -:  248:  //get card played
    #####:  249:  card = handCard(handPos, state);
        -:  250:
        -:  251:  //check if selected card is an action
    #####:  252:  if ( card < adventurer || card > treasure_map )
        -:  253:    {
    #####:  254:      return -1;
        -:  255:    }
        -:  256:
        -:  257:  //play card
    #####:  258:  if ( cardEffect(card, choice1, choice2, choice3, state, handPos, &coin_bonus) < 0 )
        -:  259:    {
    #####:  260:      return -1;
        -:  261:    }
        -:  262:
        -:  263:  //reduce number of actions
    #####:  264:  state->numActions--;
        -:  265:
        -:  266:  //update coins (Treasure cards may be added with card draws)
    #####:  267:  updateCoins(state->whoseTurn, state, coin_bonus);
        -:  268:
    #####:  269:  return 0;
        -:  270:}
        -:  271:
    #####:  272:int buyCard(int supplyPos, struct gameState *state) {
        -:  273:  int who;
        -:  274:  if (DEBUG){
        -:  275:    printf("Entering buyCard...\n");
        -:  276:  }
        -:  277:
        -:  278:  // I don't know what to do about the phase thing.
        -:  279:
    #####:  280:  who = state->whoseTurn;
        -:  281:
    #####:  282:  if (state->numBuys < 1){
        -:  283:    if (DEBUG)
        -:  284:      printf("You do not have any buys left\n");
    #####:  285:    return -1;
    #####:  286:  } else if (supplyCount(supplyPos, state) <1){
        -:  287:    if (DEBUG)
        -:  288:      printf("There are not any of that type of card left\n");
    #####:  289:    return -1;
    #####:  290:  } else if (state->coins < getCost(supplyPos)){
        -:  291:    if (DEBUG)
        -:  292:      printf("You do not have enough money to buy that. You have %d coins.\n", state->coins);
    #####:  293:    return -1;
        -:  294:  } else {
    #####:  295:    state->phase=1;
        -:  296:    //state->supplyCount[supplyPos]--;
    #####:  297:    gainCard(supplyPos, state, 0, who); //card goes in discard, this might be wrong.. (2 means goes into hand, 0 goes into discard)
        -:  298:
    #####:  299:    state->coins = (state->coins) - (getCost(supplyPos));
    #####:  300:    state->numBuys--;
        -:  301:    if (DEBUG)
        -:  302:      printf("You bought card number %d for %d coins. You now have %d buys and %d coins.\n", supplyPos, getCost(supplyPos), state->numBuys, state->coins);
        -:  303:  }
        -:  304:
        -:  305:  //state->discard[who][state->discardCount[who]] = supplyPos;
        -:  306:  //state->discardCount[who]++;
        -:  307:
    #####:  308:  return 0;
        -:  309:}
        -:  310:
    #####:  311:int numHandCards(struct gameState *state) {
    #####:  312:  return state->handCount[ whoseTurn(state) ];
        -:  313:}
        -:  314:
    #####:  315:int handCard(int handPos, struct gameState *state) {
    #####:  316:  int currentPlayer = whoseTurn(state);
    #####:  317:  return state->hand[currentPlayer][handPos];
        -:  318:}
        -:  319:
    #####:  320:int supplyCount(int card, struct gameState *state) {
    #####:  321:  return state->supplyCount[card];
        -:  322:}
        -:  323:
    #####:  324:int fullDeckCount(int player, int card, struct gameState *state) {
        -:  325:  int i;
    #####:  326:  int count = 0;
        -:  327:
    #####:  328:  for (i = 0; i < state->deckCount[player]; i++)
        -:  329:    {
    #####:  330:      if (state->deck[player][i] == card) count++;
        -:  331:    }
        -:  332:
    #####:  333:  for (i = 0; i < state->handCount[player]; i++)
        -:  334:    {
    #####:  335:      if (state->hand[player][i] == card) count++;
        -:  336:    }
        -:  337:
    #####:  338:  for (i = 0; i < state->discardCount[player]; i++)
        -:  339:    {
    #####:  340:      if (state->discard[player][i] == card) count++;
        -:  341:    }
        -:  342:
    #####:  343:  return count;
        -:  344:}
        -:  345:
     4004:  346:int whoseTurn(struct gameState *state) {
     4004:  347:  return state->whoseTurn;
        -:  348:}
        -:  349:
    #####:  350:int endTurn(struct gameState *state) {
        -:  351:  int k;
        -:  352:  int i;
    #####:  353:  int currentPlayer = whoseTurn(state);
        -:  354:
        -:  355:  //Discard hand
    #####:  356:  for (i = 0; i < state->handCount[currentPlayer]; i++){
    #####:  357:    state->discard[currentPlayer][state->discardCount[currentPlayer]++] = state->hand[currentPlayer][i];//Discard
    #####:  358:    state->hand[currentPlayer][i] = -1;//Set card to -1
        -:  359:  }
    #####:  360:  state->handCount[currentPlayer] = 0;//Reset hand count
        -:  361:
        -:  362:  //Code for determining the player
    #####:  363:  if (currentPlayer < (state->numPlayers - 1)){
    #####:  364:    state->whoseTurn = currentPlayer + 1;//Still safe to increment
        -:  365:  }
        -:  366:  else{
    #####:  367:    state->whoseTurn = 0;//Max player has been reached, loop back around to player 1
        -:  368:  }
        -:  369:
    #####:  370:  state->outpostPlayed = 0;
    #####:  371:  state->phase = 0;
    #####:  372:  state->numActions = 1;
    #####:  373:  state->coins = 0;
    #####:  374:  state->numBuys = 1;
    #####:  375:  state->playedCardCount = 0;
    #####:  376:  state->handCount[state->whoseTurn] = 0;
        -:  377:
        -:  378:  //int k; move to top
        -:  379:  //Next player draws hand
    #####:  380:  for (k = 0; k < 5; k++){
    #####:  381:    drawCard(state->whoseTurn, state);//Draw a card
        -:  382:  }
        -:  383:
        -:  384:  //Update money
    #####:  385:  updateCoins(state->whoseTurn, state , 0);
        -:  386:
    #####:  387:  return 0;
        -:  388:}
        -:  389:
    #####:  390:int isGameOver(struct gameState *state) {
        -:  391:  int i;
        -:  392:  int j;
        -:  393:
        -:  394:  //if stack of Province cards is empty, the game ends
    #####:  395:  if (state->supplyCount[province] == 0)
        -:  396:    {
    #####:  397:      return 1;
        -:  398:    }
        -:  399:
        -:  400:  //if three supply pile are at 0, the game ends
    #####:  401:  j = 0;
    #####:  402:  for (i = 0; i < 25; i++)
        -:  403:    {
    #####:  404:      if (state->supplyCount[i] == 0)
        -:  405:	{
    #####:  406:	  j++;
        -:  407:	}
        -:  408:    }
    #####:  409:  if ( j >= 3)
        -:  410:    {
    #####:  411:      return 1;
        -:  412:    }
        -:  413:
    #####:  414:  return 0;
        -:  415:}
        -:  416:
     3476:  417:int scoreFor (int player, struct gameState *state) {
        -:  418:
        -:  419:  int i;
     3476:  420:  int score = 0;
        -:  421:  //score from hand
    14546:  422:  for (i = 0; i < state->handCount[player]; i++)
        -:  423:    {
    11070:  424:      if (state->hand[player][i] == curse) { score = score - 1; };
    11070:  425:      if (state->hand[player][i] == estate) { score = score + 1; };
    11070:  426:      if (state->hand[player][i] == duchy) { score = score + 3; };
    11070:  427:      if (state->hand[player][i] == province) { score = score + 6; };
    11070:  428:      if (state->hand[player][i] == great_hall) { score = score + 1; };
    11070:  429:      if (state->hand[player][i] == gardens) { score = score + ( fullDeckCount(player, 0, state) / 10 ); };
        -:  430:    }
        -:  431:
        -:  432:  //score from discard
     3476:  433:  for (i = 0; i < state->discardCount[player]; i++)
        -:  434:    {
    #####:  435:      if (state->discard[player][i] == curse) { score = score - 1; };
    #####:  436:      if (state->discard[player][i] == estate) { score = score + 1; };
    #####:  437:      if (state->discard[player][i] == duchy) { score = score + 3; };
    #####:  438:      if (state->discard[player][i] == province) { score = score + 6; };
    #####:  439:      if (state->discard[player][i] == great_hall) { score = score + 1; };
    #####:  440:      if (state->discard[player][i] == gardens) { score = score + ( fullDeckCount(player, 0, state) / 10 ); };
        -:  441:    }
        -:  442:
        -:  443:  //score from deck
     3476:  444:  for (i = 0; i < state->discardCount[player]; i++)
        -:  445:    {
    #####:  446:      if (state->deck[player][i] == curse) { score = score - 1; };
    #####:  447:      if (state->deck[player][i] == estate) { score = score + 1; };
    #####:  448:      if (state->deck[player][i] == duchy) { score = score + 3; };
    #####:  449:      if (state->deck[player][i] == province) { score = score + 6; };
    #####:  450:      if (state->deck[player][i] == great_hall) { score = score + 1; };
    #####:  451:      if (state->deck[player][i] == gardens) { score = score + ( fullDeckCount(player, 0, state) / 10 ); };
        -:  452:    }
        -:  453:
     3476:  454:  return score;
        -:  455:}
        -:  456:
    #####:  457:int getWinners(int players[MAX_PLAYERS], struct gameState *state) {
        -:  458:  int i;
        -:  459:  int j;
        -:  460:  int highScore;
        -:  461:  int currentPlayer;
        -:  462:
        -:  463:  //get score for each player
    #####:  464:  for (i = 0; i < MAX_PLAYERS; i++)
        -:  465:    {
        -:  466:      //set unused player scores to -9999
    #####:  467:      if (i >= state->numPlayers)
        -:  468:	{
    #####:  469:	  players[i] = -9999;
        -:  470:	}
        -:  471:      else
        -:  472:	{
    #####:  473:	  players[i] = scoreFor (i, state);
        -:  474:	}
        -:  475:    }
        -:  476:
        -:  477:  //find highest score
    #####:  478:  j = 0;
    #####:  479:  for (i = 0; i < MAX_PLAYERS; i++)
        -:  480:    {
    #####:  481:      if (players[i] > players[j])
        -:  482:	{
    #####:  483:	  j = i;
        -:  484:	}
        -:  485:    }
    #####:  486:  highScore = players[j];
        -:  487:
        -:  488:  //add 1 to players who had less turns
    #####:  489:  currentPlayer = whoseTurn(state);
    #####:  490:  for (i = 0; i < MAX_PLAYERS; i++)
        -:  491:    {
    #####:  492:      if ( players[i] == highScore && i > currentPlayer )
        -:  493:	{
    #####:  494:	  players[i]++;
        -:  495:	}
        -:  496:    }
        -:  497:
        -:  498:  //find new highest score
    #####:  499:  j = 0;
    #####:  500:  for (i = 0; i < MAX_PLAYERS; i++)
        -:  501:    {
    #####:  502:      if ( players[i] > players[j] )
        -:  503:	{
    #####:  504:	  j = i;
        -:  505:	}
        -:  506:    }
    #####:  507:  highScore = players[j];
        -:  508:
        -:  509:  //set winners in array to 1 and rest to 0
    #####:  510:  for (i = 0; i < MAX_PLAYERS; i++)
        -:  511:    {
    #####:  512:      if ( players[i] == highScore )
        -:  513:	{
    #####:  514:	  players[i] = 1;
        -:  515:	}
        -:  516:      else
        -:  517:	{
    #####:  518:	  players[i] = 0;
        -:  519:	}
        -:  520:    }
        -:  521:
    #####:  522:  return 0;
        -:  523:}
        -:  524:
    13521:  525:int drawCard(int player, struct gameState *state)
        -:  526:{	int count;
        -:  527:  int deckCounter;
    13521:  528:  if (state->deckCount[player] <= 0){//Deck is empty
        -:  529:
        -:  530:    //Step 1 Shuffle the discard pile back into a deck
        -:  531:    int i;
        -:  532:    //Move discard to deck
    #####:  533:    for (i = 0; i < state->discardCount[player];i++){
    #####:  534:      state->deck[player][i] = state->discard[player][i];
    #####:  535:      state->discard[player][i] = -1;
        -:  536:    }
        -:  537:
    #####:  538:    state->deckCount[player] = state->discardCount[player];
    #####:  539:    state->discardCount[player] = 0;//Reset discard
        -:  540:
        -:  541:    //Shufffle the deck
    #####:  542:    shuffle(player, state);//Shuffle the deck up and make it so that we can draw
        -:  543:
        -:  544:    if (DEBUG){//Debug statements
        -:  545:      printf("Deck count now: %d\n", state->deckCount[player]);
        -:  546:    }
        -:  547:
    #####:  548:    state->discardCount[player] = 0;
        -:  549:
        -:  550:    //Step 2 Draw Card
    #####:  551:    count = state->handCount[player];//Get current player's hand count
        -:  552:
        -:  553:    if (DEBUG){//Debug statements
        -:  554:      printf("Current hand count: %d\n", count);
        -:  555:    }
        -:  556:
    #####:  557:    deckCounter = state->deckCount[player];//Create a holder for the deck count
        -:  558:
    #####:  559:    if (deckCounter == 0)
    #####:  560:      return -1;
        -:  561:
    #####:  562:    state->hand[player][count] = state->deck[player][deckCounter - 1];//Add card to hand
    #####:  563:    state->deckCount[player]--;
    #####:  564:    state->handCount[player]++;//Increment hand count
        -:  565:  }
        -:  566:
        -:  567:  else{
    13521:  568:    int count = state->handCount[player];//Get current hand count for player
        -:  569:    int deckCounter;
        -:  570:    if (DEBUG){//Debug statements
        -:  571:      printf("Current hand count: %d\n", count);
        -:  572:    }
        -:  573:
    13521:  574:    deckCounter = state->deckCount[player];//Create holder for the deck count
    13521:  575:    state->hand[player][count] = state->deck[player][deckCounter - 1];//Add card to the hand
    13521:  576:    state->deckCount[player]--;
    13521:  577:    state->handCount[player]++;//Increment hand count
        -:  578:  }
        -:  579:
    13521:  580:  return 0;
        -:  581:}
        -:  582:
    #####:  583:int getCost(int cardNumber)
        -:  584:{
    #####:  585:  switch( cardNumber )
        -:  586:    {
        -:  587:    case curse:
    #####:  588:      return 0;
        -:  589:    case estate:
    #####:  590:      return 2;
        -:  591:    case duchy:
    #####:  592:      return 5;
        -:  593:    case province:
    #####:  594:      return 8;
        -:  595:    case copper:
    #####:  596:      return 0;
        -:  597:    case silver:
    #####:  598:      return 3;
        -:  599:    case gold:
    #####:  600:      return 6;
        -:  601:    case adventurer:
    #####:  602:      return 6;
        -:  603:    case council_room:
    #####:  604:      return 5;
        -:  605:    case feast:
    #####:  606:      return 4;
        -:  607:    case gardens:
    #####:  608:      return 4;
        -:  609:    case mine:
    #####:  610:      return 5;
        -:  611:    case remodel:
    #####:  612:      return 4;
        -:  613:    case smithy:
    #####:  614:      return 4;
        -:  615:    case village:
    #####:  616:      return 3;
        -:  617:    case baron:
    #####:  618:      return 4;
        -:  619:    case great_hall:
    #####:  620:      return 3;
        -:  621:    case minion:
    #####:  622:      return 5;
        -:  623:    case steward:
    #####:  624:      return 3;
        -:  625:    case tribute:
    #####:  626:      return 5;
        -:  627:    case ambassador:
    #####:  628:      return 3;
        -:  629:    case cutpurse:
    #####:  630:      return 4;
        -:  631:    case embargo:
    #####:  632:      return 2;
        -:  633:    case outpost:
    #####:  634:      return 5;
        -:  635:    case salvager:
    #####:  636:      return 4;
        -:  637:    case sea_hag:
    #####:  638:      return 4;
        -:  639:    case treasure_map:
    #####:  640:      return 4;
        -:  641:    }
        -:  642:
    #####:  643:  return -1;
        -:  644:}
        -:  645:
     1000:  646:void adventurer_action (int drawntreasure, struct gameState *state, int currentPlayer, int cardDrawn, int temphand[MAX_HAND], int z) {
     4000:  647:    while(drawntreasure<2){
     2000:  648:        if (state->deckCount[currentPlayer] < 1){//if the deck is empty we need to shuffle discard and add to deck
    #####:  649:            shuffle(currentPlayer, state);
        -:  650:        }
     2000:  651:        drawCard(currentPlayer, state);
     2000:  652:        cardDrawn = state->hand[currentPlayer][state->handCount[currentPlayer]-1];//top card of hand is most recently drawn card.
     2000:  653:        if (cardDrawn == copper || cardDrawn == silver || cardDrawn == gold)
     2000:  654:          drawntreasure++;
        -:  655:        else{
    #####:  656:          temphand[z]=cardDrawn;
    #####:  657:          state->handCount[currentPlayer]--; //this should just remove the top card (the most recently drawn one).
        -:  658:        }
        -:  659:  }
     2000:  660:  while(z-1>=0){
    #####:  661:      state->discard[currentPlayer][state->discardCount[currentPlayer]++]=temphand[z-1]; // discard all cards in play that have been drawn
    #####:  662:      z=z-1;
        -:  663:  }
     1000:  664:}
        -:  665:
    #####:  666:void smithy_action (int currentPlayer, struct gameState *state, int i, int handPos) {
        -:  667:  //+3 Cards
    #####:  668:  for (i = 0; i < 3; i++) {
    #####:  669:    drawCard(currentPlayer, state);
    #####:  670:    i--;
        -:  671:  }
        -:  672:
        -:  673:  //discard card from hand
    #####:  674:  discardCard(handPos, currentPlayer, state, 0);
    #####:  675:}
        -:  676:
    #####:  677:void village_action (int currentPlayer, struct gameState *state, int handPos) {
        -:  678:  //+1 Card
    #####:  679:  drawCard(currentPlayer, state);
        -:  680:
        -:  681:  //+2 Actions
    #####:  682:  state->numActions = state->numActions + 2;
        -:  683:
        -:  684:  //discard played card from hand
    #####:  685:  discardCard(handPos, currentPlayer, state, 0);
    #####:  686:}
        -:  687:
     1508:  688:void council_room_action (int i, int currentPlayer, struct gameState *state) {
        -:  689:  //+4 Cards
     7540:  690:  for (i = 0; i < 4; i++) {
     6032:  691:      drawCard(currentPlayer, state);
        -:  692:  }
        -:  693:
        -:  694:  //+1 Buy
     1508:  695:  state->numBuys++;
        -:  696:
        -:  697:  //Each other player draws a card
     4988:  698:  for (i = 0; i < state->numPlayers; i++) {
     3480:  699:      if ( i == currentPlayer ) {
     1508:  700:          drawCard(i, state);
        -:  701:      }
        -:  702:  }
     1508:  703:}
        -:  704:
    #####:  705:int mine_action (int j, struct gameState *state, int currentPlayer, int choice1, int choice2, int handPos, int i) {
    #####:  706:  j = state->hand[currentPlayer][choice1];  //store card we will trash
        -:  707:
    #####:  708:  if (state->hand[currentPlayer][choice1] < copper || state->hand[currentPlayer][choice1] > gold) {
    #####:  709:      return -1;
        -:  710:  }
        -:  711:
    #####:  712:  if (choice2 > treasure_map || choice2 < curse) {
    #####:  713:      return -1;
        -:  714:  }
        -:  715:
    #####:  716:  if ( (getCost(state->hand[currentPlayer][choice1]) + 3) > getCost(choice2) ) {
    #####:  717:      return -1;
        -:  718:  }
        -:  719:
    #####:  720:  gainCard(choice2, state, 2, currentPlayer);
        -:  721:
        -:  722:  //discard card from hand
    #####:  723:  discardCard(handPos, currentPlayer, state, 0);
        -:  724:
        -:  725:  //discard trashed card
    #####:  726:  for (i = 0; i < state->handCount[currentPlayer]; i++) {
    #####:  727:      if (state->hand[currentPlayer][i] == j) {
    #####:  728:        discardCard(i, currentPlayer, state, 0);
    #####:  729:        break;
        -:  730:      }
        -:  731:  }
        -:  732:
    #####:  733:  return -1;
        -:  734:}
        -:  735:
     4004:  736:int cardEffect(int card, int choice1, int choice2, int choice3, struct gameState *state, int handPos, int *bonus)
        -:  737:{
        -:  738:  int i;
        -:  739:  int j;
        -:  740:  int k;
        -:  741:  int x;
        -:  742:  int m;
        -:  743:  int index;
     4004:  744:  int currentPlayer = whoseTurn(state);
     4004:  745:  int nextPlayer = currentPlayer + 1;
        -:  746:
     4004:  747:  int tributeRevealedCards[2] = {-1, -1};
        -:  748:  int temphand[MAX_HAND];// moved above the if statement
     4004:  749:  int drawntreasure=0;
        -:  750:  int cardDrawn;
     4004:  751:  int z = 0;// this is the counter for the temp hand
     4004:  752:  if (nextPlayer > (state->numPlayers - 1)){
     1295:  753:    nextPlayer = 0;
        -:  754:  }
        -:  755:
        -:  756:
        -:  757:  //uses switch to select card and perform actions
     4004:  758:  switch( card )
        -:  759:    {
        -:  760:    case adventurer:
     1000:  761:      adventurer_action (drawntreasure, state, currentPlayer, cardDrawn, temphand, z);
     1000:  762:      return 0;
        -:  763:
        -:  764:    case council_room:
     1508:  765:      council_room_action (i, currentPlayer, state);
     1508:  766:      return 0;
        -:  767:
        -:  768:    case feast:
        -:  769:      //gain card with cost up to 5
        -:  770:      //Backup hand
    #####:  771:      for (i = 0; i <= state->handCount[currentPlayer]; i++){
    #####:  772:	temphand[i] = state->hand[currentPlayer][i];//Backup card
    #####:  773:	state->hand[currentPlayer][i] = -1;//Set to nothing
        -:  774:      }
        -:  775:      //Backup hand
        -:  776:
        -:  777:      //Update Coins for Buy
    #####:  778:      updateCoins(currentPlayer, state, 5);
    #####:  779:      x = 1;//Condition to loop on
    #####:  780:      while( x == 1) {//Buy one card
    #####:  781:	if (supplyCount(choice1, state) <= 0){
        -:  782:	  if (DEBUG)
        -:  783:	    printf("None of that card left, sorry!\n");
        -:  784:
        -:  785:	  if (DEBUG){
        -:  786:	    printf("Cards Left: %d\n", supplyCount(choice1, state));
        -:  787:	  }
        -:  788:	}
    #####:  789:	else if (state->coins < getCost(choice1)){
    #####:  790:	  printf("That card is too expensive!\n");
        -:  791:
        -:  792:	  if (DEBUG){
        -:  793:	    printf("Coins: %d < %d\n", state->coins, getCost(choice1));
        -:  794:	  }
        -:  795:	}
        -:  796:	else{
        -:  797:
        -:  798:	  if (DEBUG){
        -:  799:	    printf("Deck Count: %d\n", state->handCount[currentPlayer] + state->deckCount[currentPlayer] + state->discardCount[currentPlayer]);
        -:  800:	  }
        -:  801:
    #####:  802:	  gainCard(choice1, state, 0, currentPlayer);//Gain the card
    #####:  803:	  x = 0;//No more buying cards
        -:  804:
        -:  805:	  if (DEBUG){
        -:  806:	    printf("Deck Count: %d\n", state->handCount[currentPlayer] + state->deckCount[currentPlayer] + state->discardCount[currentPlayer]);
        -:  807:	  }
        -:  808:
        -:  809:	}
        -:  810:      }
        -:  811:
        -:  812:      //Reset Hand
    #####:  813:      for (i = 0; i <= state->handCount[currentPlayer]; i++){
    #####:  814:	state->hand[currentPlayer][i] = temphand[i];
    #####:  815:	temphand[i] = -1;
        -:  816:      }
        -:  817:      //Reset Hand
        -:  818:
    #####:  819:      return 0;
        -:  820:
        -:  821:    case gardens:
    #####:  822:      return -1;
        -:  823:
        -:  824:    case mine:
    #####:  825:      m = mine_action (j, state, currentPlayer, choice1, choice2, handPos, i);
    #####:  826:      return m;
        -:  827:
        -:  828:    case remodel:
    #####:  829:      j = state->hand[currentPlayer][choice1];  //store card we will trash
        -:  830:
    #####:  831:      if ( (getCost(state->hand[currentPlayer][choice1]) + 2) > getCost(choice2) )
        -:  832:	{
    #####:  833:	  return -1;
        -:  834:	}
        -:  835:
    #####:  836:      gainCard(choice2, state, 0, currentPlayer);
        -:  837:
        -:  838:      //discard card from hand
    #####:  839:      discardCard(handPos, currentPlayer, state, 0);
        -:  840:
        -:  841:      //discard trashed card
    #####:  842:      for (i = 0; i < state->handCount[currentPlayer]; i++)
        -:  843:	{
    #####:  844:	  if (state->hand[currentPlayer][i] == j)
        -:  845:	    {
    #####:  846:	      discardCard(i, currentPlayer, state, 0);
    #####:  847:	      break;
        -:  848:	    }
        -:  849:	}
        -:  850:
        -:  851:
    #####:  852:      return 0;
        -:  853:
        -:  854:    case smithy:
    #####:  855:      smithy_action (currentPlayer, state, i, handPos);
    #####:  856:      return 0;
        -:  857:
        -:  858:    case village:
    #####:  859:      village_action (currentPlayer, state, handPos);
    #####:  860:      return 0;
        -:  861:
        -:  862:    case baron:
    #####:  863:      state->numBuys++;//Increase buys by 1!
    #####:  864:      if (choice1 > 0){//Boolean true or going to discard an estate
    #####:  865:	int p = 0;//Iterator for hand!
    #####:  866:	int card_not_discarded = 1;//Flag for discard set!
    #####:  867:	while(card_not_discarded){
    #####:  868:	  if (state->hand[currentPlayer][p] == estate){//Found an estate card!
    #####:  869:	    state->coins += 4;//Add 4 coins to the amount of coins
    #####:  870:	    state->discard[currentPlayer][state->discardCount[currentPlayer]] = state->hand[currentPlayer][p];
    #####:  871:	    state->discardCount[currentPlayer]++;
    #####:  872:	    for (;p < state->handCount[currentPlayer]; p++){
    #####:  873:	      state->hand[currentPlayer][p] = state->hand[currentPlayer][p+1];
        -:  874:	    }
    #####:  875:	    state->hand[currentPlayer][state->handCount[currentPlayer]] = -1;
    #####:  876:	    state->handCount[currentPlayer]--;
    #####:  877:	    card_not_discarded = 0;//Exit the loop
        -:  878:	  }
    #####:  879:	  else if (p > state->handCount[currentPlayer]){
        -:  880:	    if(DEBUG) {
        -:  881:	      printf("No estate cards in your hand, invalid choice\n");
        -:  882:	      printf("Must gain an estate if there are any\n");
        -:  883:	    }
    #####:  884:	    if (supplyCount(estate, state) > 0){
    #####:  885:	      gainCard(estate, state, 0, currentPlayer);
    #####:  886:	      state->supplyCount[estate]--;//Decrement estates
    #####:  887:	      if (supplyCount(estate, state) == 0){
    #####:  888:		isGameOver(state);
        -:  889:	      }
        -:  890:	    }
    #####:  891:	    card_not_discarded = 0;//Exit the loop
        -:  892:	  }
        -:  893:
        -:  894:	  else{
    #####:  895:	    p++;//Next card
        -:  896:	  }
        -:  897:	}
        -:  898:      }
        -:  899:
        -:  900:      else{
    #####:  901:	if (supplyCount(estate, state) > 0){
    #####:  902:	  gainCard(estate, state, 0, currentPlayer);//Gain an estate
    #####:  903:	  state->supplyCount[estate]--;//Decrement Estates
    #####:  904:	  if (supplyCount(estate, state) == 0){
    #####:  905:	    isGameOver(state);
        -:  906:	  }
        -:  907:	}
        -:  908:      }
        -:  909:
        -:  910:
    #####:  911:      return 0;
        -:  912:
        -:  913:    case great_hall:
        -:  914:      //+1 Card
     1496:  915:      drawCard(currentPlayer, state);
        -:  916:
        -:  917:      //+1 Actions
     1496:  918:      state->numActions++;
        -:  919:
        -:  920:      //discard card from hand
     1496:  921:      discardCard(handPos, currentPlayer, state, 0);
     1496:  922:      return 0;
        -:  923:
        -:  924:    case minion:
        -:  925:      //+1 action
    #####:  926:      state->numActions++;
        -:  927:
        -:  928:      //discard card from hand
    #####:  929:      discardCard(handPos, currentPlayer, state, 0);
        -:  930:
    #####:  931:      if (choice1)		//+2 coins
        -:  932:	{
    #####:  933:	  state->coins = state->coins + 2;
        -:  934:	}
        -:  935:
    #####:  936:      else if (choice2)		//discard hand, redraw 4, other players with 5+ cards discard hand and draw 4
        -:  937:	{
        -:  938:	  //discard hand
    #####:  939:	  while(numHandCards(state) > 0)
        -:  940:	    {
    #####:  941:	      discardCard(handPos, currentPlayer, state, 0);
        -:  942:	    }
        -:  943:
        -:  944:	  //draw 4
    #####:  945:	  for (i = 0; i < 4; i++)
        -:  946:	    {
    #####:  947:	      drawCard(currentPlayer, state);
        -:  948:	    }
        -:  949:
        -:  950:	  //other players discard hand and redraw if hand size > 4
    #####:  951:	  for (i = 0; i < state->numPlayers; i++)
        -:  952:	    {
    #####:  953:	      if (i != currentPlayer)
        -:  954:		{
    #####:  955:		  if ( state->handCount[i] > 4 )
        -:  956:		    {
        -:  957:		      //discard hand
    #####:  958:		      while( state->handCount[i] > 0 )
        -:  959:			{
    #####:  960:			  discardCard(handPos, i, state, 0);
        -:  961:			}
        -:  962:
        -:  963:		      //draw 4
    #####:  964:		      for (j = 0; j < 4; j++)
        -:  965:			{
    #####:  966:			  drawCard(i, state);
        -:  967:			}
        -:  968:		    }
        -:  969:		}
        -:  970:	    }
        -:  971:
        -:  972:	}
    #####:  973:      return 0;
        -:  974:
        -:  975:    case steward:
    #####:  976:      if (choice1 == 1)
        -:  977:	{
        -:  978:	  //+2 cards
    #####:  979:	  drawCard(currentPlayer, state);
    #####:  980:	  drawCard(currentPlayer, state);
        -:  981:	}
    #####:  982:      else if (choice1 == 2)
        -:  983:	{
        -:  984:	  //+2 coins
    #####:  985:	  state->coins = state->coins + 2;
        -:  986:	}
        -:  987:      else
        -:  988:	{
        -:  989:	  //trash 2 cards in hand
    #####:  990:	  discardCard(choice2, currentPlayer, state, 1);
    #####:  991:	  discardCard(choice3, currentPlayer, state, 1);
        -:  992:	}
        -:  993:
        -:  994:      //discard card from hand
    #####:  995:      discardCard(handPos, currentPlayer, state, 0);
    #####:  996:      return 0;
        -:  997:
        -:  998:    case tribute:
    #####:  999:      if ((state->discardCount[nextPlayer] + state->deckCount[nextPlayer]) <= 1){
    #####: 1000:	if (state->deckCount[nextPlayer] > 0){
    #####: 1001:	  tributeRevealedCards[0] = state->deck[nextPlayer][state->deckCount[nextPlayer]-1];
    #####: 1002:	  state->deckCount[nextPlayer]--;
        -: 1003:	}
    #####: 1004:	else if (state->discardCount[nextPlayer] > 0){
    #####: 1005:	  tributeRevealedCards[0] = state->discard[nextPlayer][state->discardCount[nextPlayer]-1];
    #####: 1006:	  state->discardCount[nextPlayer]--;
        -: 1007:	}
        -: 1008:	else{
        -: 1009:	  //No Card to Reveal
        -: 1010:	  if (DEBUG){
        -: 1011:	    printf("No cards to reveal\n");
        -: 1012:	  }
        -: 1013:	}
        -: 1014:      }
        -: 1015:
        -: 1016:      else{
    #####: 1017:	if (state->deckCount[nextPlayer] == 0){
    #####: 1018:	  for (i = 0; i < state->discardCount[nextPlayer]; i++){
    #####: 1019:	    state->deck[nextPlayer][i] = state->discard[nextPlayer][i];//Move to deck
    #####: 1020:	    state->deckCount[nextPlayer]++;
    #####: 1021:	    state->discard[nextPlayer][i] = -1;
    #####: 1022:	    state->discardCount[nextPlayer]--;
        -: 1023:	  }
        -: 1024:
    #####: 1025:	  shuffle(nextPlayer,state);//Shuffle the deck
        -: 1026:	}
    #####: 1027:	tributeRevealedCards[0] = state->deck[nextPlayer][state->deckCount[nextPlayer]-1];
    #####: 1028:	state->deck[nextPlayer][state->deckCount[nextPlayer]--] = -1;
    #####: 1029:	state->deckCount[nextPlayer]--;
    #####: 1030:	tributeRevealedCards[1] = state->deck[nextPlayer][state->deckCount[nextPlayer]-1];
    #####: 1031:	state->deck[nextPlayer][state->deckCount[nextPlayer]--] = -1;
    #####: 1032:	state->deckCount[nextPlayer]--;
        -: 1033:      }
        -: 1034:
    #####: 1035:      if (tributeRevealedCards[0] == tributeRevealedCards[1]){//If we have a duplicate card, just drop one
    #####: 1036:	state->playedCards[state->playedCardCount] = tributeRevealedCards[1];
    #####: 1037:	state->playedCardCount++;
    #####: 1038:	tributeRevealedCards[1] = -1;
        -: 1039:      }
        -: 1040:
    #####: 1041:      for (i = 0; i <= 2; i ++){
    #####: 1042:	if (tributeRevealedCards[i] == copper || tributeRevealedCards[i] == silver || tributeRevealedCards[i] == gold){//Treasure cards
    #####: 1043:	  state->coins += 2;
        -: 1044:	}
        -: 1045:
    #####: 1046:	else if (tributeRevealedCards[i] == estate || tributeRevealedCards[i] == duchy || tributeRevealedCards[i] == province || tributeRevealedCards[i] == gardens || tributeRevealedCards[i] == great_hall){//Victory Card Found
    #####: 1047:	  drawCard(currentPlayer, state);
    #####: 1048:	  drawCard(currentPlayer, state);
        -: 1049:	}
        -: 1050:	else{//Action Card
    #####: 1051:	  state->numActions = state->numActions + 2;
        -: 1052:	}
        -: 1053:      }
        -: 1054:
    #####: 1055:      return 0;
        -: 1056:
        -: 1057:    case ambassador:
    #####: 1058:      j = 0;		//used to check if player has enough cards to discard
        -: 1059:
    #####: 1060:      if (choice2 > 2 || choice2 < 0)
        -: 1061:	{
    #####: 1062:	  return -1;
        -: 1063:	}
        -: 1064:
    #####: 1065:      if (choice1 == handPos)
        -: 1066:	{
    #####: 1067:	  return -1;
        -: 1068:	}
        -: 1069:
    #####: 1070:      for (i = 0; i < state->handCount[currentPlayer]; i++)
        -: 1071:	{
    #####: 1072:	  if (i != handPos && i == state->hand[currentPlayer][choice1] && i != choice1)
        -: 1073:	    {
    #####: 1074:	      j++;
        -: 1075:	    }
        -: 1076:	}
    #####: 1077:      if (j < choice2)
        -: 1078:	{
    #####: 1079:	  return -1;
        -: 1080:	}
        -: 1081:
        -: 1082:      if (DEBUG)
        -: 1083:	printf("Player %d reveals card number: %d\n", currentPlayer, state->hand[currentPlayer][choice1]);
        -: 1084:
        -: 1085:      //increase supply count for choosen card by amount being discarded
    #####: 1086:      state->supplyCount[state->hand[currentPlayer][choice1]] += choice2;
        -: 1087:
        -: 1088:      //each other player gains a copy of revealed card
    #####: 1089:      for (i = 0; i < state->numPlayers; i++)
        -: 1090:	{
    #####: 1091:	  if (i != currentPlayer)
        -: 1092:	    {
    #####: 1093:	      gainCard(state->hand[currentPlayer][choice1], state, 0, i);
        -: 1094:	    }
        -: 1095:	}
        -: 1096:
        -: 1097:      //discard played card from hand
    #####: 1098:      discardCard(handPos, currentPlayer, state, 0);
        -: 1099:
        -: 1100:      //trash copies of cards returned to supply
    #####: 1101:      for (j = 0; j < choice2; j++)
        -: 1102:	{
    #####: 1103:	  for (i = 0; i < state->handCount[currentPlayer]; i++)
        -: 1104:	    {
    #####: 1105:	      if (state->hand[currentPlayer][i] == state->hand[currentPlayer][choice1])
        -: 1106:		{
    #####: 1107:		  discardCard(i, currentPlayer, state, 1);
    #####: 1108:		  break;
        -: 1109:		}
        -: 1110:	    }
        -: 1111:	}
        -: 1112:
    #####: 1113:      return 0;
        -: 1114:
        -: 1115:    case cutpurse:
        -: 1116:
    #####: 1117:      updateCoins(currentPlayer, state, 2);
    #####: 1118:      for (i = 0; i < state->numPlayers; i++)
        -: 1119:	{
    #####: 1120:	  if (i != currentPlayer)
        -: 1121:	    {
    #####: 1122:	      for (j = 0; j < state->handCount[i]; j++)
        -: 1123:		{
    #####: 1124:		  if (state->hand[i][j] == copper)
        -: 1125:		    {
    #####: 1126:		      discardCard(j, i, state, 0);
    #####: 1127:		      break;
        -: 1128:		    }
    #####: 1129:		  if (j == state->handCount[i])
        -: 1130:		    {
    #####: 1131:		      for (k = 0; k < state->handCount[i]; k++)
        -: 1132:			{
        -: 1133:			  if (DEBUG)
        -: 1134:			    printf("Player %d reveals card number %d\n", i, state->hand[i][k]);
        -: 1135:			}
    #####: 1136:		      break;
        -: 1137:		    }
        -: 1138:		}
        -: 1139:
        -: 1140:	    }
        -: 1141:
        -: 1142:	}
        -: 1143:
        -: 1144:      //discard played card from hand
    #####: 1145:      discardCard(handPos, currentPlayer, state, 0);
        -: 1146:
    #####: 1147:      return 0;
        -: 1148:
        -: 1149:
        -: 1150:    case embargo:
        -: 1151:      //+2 Coins
    #####: 1152:      state->coins = state->coins + 2;
        -: 1153:
        -: 1154:      //see if selected pile is in play
    #####: 1155:      if ( state->supplyCount[choice1] == -1 )
        -: 1156:	{
    #####: 1157:	  return -1;
        -: 1158:	}
        -: 1159:
        -: 1160:      //add embargo token to selected supply pile
    #####: 1161:      state->embargoTokens[choice1]++;
        -: 1162:
        -: 1163:      //trash card
    #####: 1164:      discardCard(handPos, currentPlayer, state, 1);
    #####: 1165:      return 0;
        -: 1166:
        -: 1167:    case outpost:
        -: 1168:      //set outpost flag
    #####: 1169:      state->outpostPlayed++;
        -: 1170:
        -: 1171:      //discard card
    #####: 1172:      discardCard(handPos, currentPlayer, state, 0);
    #####: 1173:      return 0;
        -: 1174:
        -: 1175:    case salvager:
        -: 1176:      //+1 buy
    #####: 1177:      state->numBuys++;
        -: 1178:
    #####: 1179:      if (choice1)
        -: 1180:	{
        -: 1181:	  //gain coins equal to trashed card
    #####: 1182:	  state->coins = state->coins + getCost( handCard(choice1, state) );
        -: 1183:	  //trash card
    #####: 1184:	  discardCard(choice1, currentPlayer, state, 1);
        -: 1185:	}
        -: 1186:
        -: 1187:      //discard card
    #####: 1188:      discardCard(handPos, currentPlayer, state, 0);
    #####: 1189:      return 0;
        -: 1190:
        -: 1191:    case sea_hag:
    #####: 1192:      for (i = 0; i < state->numPlayers; i++){
    #####: 1193:	if (i != currentPlayer){
    #####: 1194:	  state->discard[i][state->discardCount[i]] = state->deck[i][state->deckCount[i]--];			    state->deckCount[i]--;
    #####: 1195:	  state->discardCount[i]++;
    #####: 1196:	  state->deck[i][state->deckCount[i]--] = curse;//Top card now a curse
        -: 1197:	}
        -: 1198:      }
    #####: 1199:      return 0;
        -: 1200:
        -: 1201:    case treasure_map:
        -: 1202:      //search hand for another treasure_map
    #####: 1203:      index = -1;
    #####: 1204:      for (i = 0; i < state->handCount[currentPlayer]; i++)
        -: 1205:	{
    #####: 1206:	  if (state->hand[currentPlayer][i] == treasure_map && i != handPos)
        -: 1207:	    {
    #####: 1208:	      index = i;
    #####: 1209:	      break;
        -: 1210:	    }
        -: 1211:	}
    #####: 1212:      if (index > -1)
        -: 1213:	{
        -: 1214:	  //trash both treasure cards
    #####: 1215:	  discardCard(handPos, currentPlayer, state, 1);
    #####: 1216:	  discardCard(index, currentPlayer, state, 1);
        -: 1217:
        -: 1218:	  //gain 4 Gold cards
    #####: 1219:	  for (i = 0; i < 4; i++)
        -: 1220:	    {
    #####: 1221:	      gainCard(gold, state, 1, currentPlayer);
        -: 1222:	    }
        -: 1223:
        -: 1224:	  //return success
    #####: 1225:	  return 1;
        -: 1226:	}
        -: 1227:
        -: 1228:      //no second treasure_map found in hand
    #####: 1229:      return -1;
        -: 1230:    }
        -: 1231:
    #####: 1232:  return -1;
        -: 1233:}
        -: 1234:
     1496: 1235:int discardCard(int handPos, int currentPlayer, struct gameState *state, int trashFlag)
        -: 1236:{
        -: 1237:
        -: 1238:  //if card is not trashed, added to Played pile
     1496: 1239:  if (trashFlag < 1)
        -: 1240:    {
        -: 1241:      //add card to played pile
     1496: 1242:      state->playedCards[state->playedCardCount] = state->hand[currentPlayer][handPos];
     1496: 1243:      state->playedCardCount++;
        -: 1244:    }
        -: 1245:
        -: 1246:  //set played card to -1
     1496: 1247:  state->hand[currentPlayer][handPos] = -1;
        -: 1248:
        -: 1249:  //remove card from player's hand
     1496: 1250:  if ( handPos == (state->handCount[currentPlayer] - 1) ) 	//last card in hand array is played
        -: 1251:    {
        -: 1252:      //reduce number of cards in hand
        1: 1253:      state->handCount[currentPlayer]--;
        -: 1254:    }
     1495: 1255:  else if ( state->handCount[currentPlayer] == 1 ) //only one card in hand
        -: 1256:    {
        -: 1257:      //reduce number of cards in hand
    #####: 1258:      state->handCount[currentPlayer]--;
        -: 1259:    }
        -: 1260:  else
        -: 1261:    {
        -: 1262:      //replace discarded card with last card in hand
     1495: 1263:      state->hand[currentPlayer][handPos] = state->hand[currentPlayer][ (state->handCount[currentPlayer] - 1)];
        -: 1264:      //set last card to -1
     1495: 1265:      state->hand[currentPlayer][state->handCount[currentPlayer] - 1] = -1;
        -: 1266:      //reduce number of cards in hand
     1495: 1267:      state->handCount[currentPlayer]--;
        -: 1268:    }
        -: 1269:
     1496: 1270:  return 0;
        -: 1271:}
        -: 1272:
    #####: 1273:int gainCard(int supplyPos, struct gameState *state, int toFlag, int player)
        -: 1274:{
        -: 1275:  //Note: supplyPos is enum of choosen card
        -: 1276:
        -: 1277:  //check if supply pile is empty (0) or card is not used in game (-1)
    #####: 1278:  if ( supplyCount(supplyPos, state) < 1 )
        -: 1279:    {
    #####: 1280:      return -1;
        -: 1281:    }
        -: 1282:
        -: 1283:  //added card for [whoseTurn] current player:
        -: 1284:  // toFlag = 0 : add to discard
        -: 1285:  // toFlag = 1 : add to deck
        -: 1286:  // toFlag = 2 : add to hand
        -: 1287:
    #####: 1288:  if (toFlag == 1)
        -: 1289:    {
    #####: 1290:      state->deck[ player ][ state->deckCount[player] ] = supplyPos;
    #####: 1291:      state->deckCount[player]++;
        -: 1292:    }
    #####: 1293:  else if (toFlag == 2)
        -: 1294:    {
    #####: 1295:      state->hand[ player ][ state->handCount[player] ] = supplyPos;
    #####: 1296:      state->handCount[player]++;
        -: 1297:    }
        -: 1298:  else
        -: 1299:    {
    #####: 1300:      state->discard[player][ state->discardCount[player] ] = supplyPos;
    #####: 1301:      state->discardCount[player]++;
        -: 1302:    }
        -: 1303:
        -: 1304:  //decrease number in supply pile
    #####: 1305:  state->supplyCount[supplyPos]--;
        -: 1306:
    #####: 1307:  return 0;
        -: 1308:}
        -: 1309:
      497: 1310:int updateCoins(int player, struct gameState *state, int bonus)
        -: 1311:{
        -: 1312:  int i;
        -: 1313:
        -: 1314:  //reset coin count
      497: 1315:  state->coins = 0;
        -: 1316:
        -: 1317:  //add coins for each Treasure card in player's hand
     2982: 1318:  for (i = 0; i < state->handCount[player]; i++)
        -: 1319:    {
     2485: 1320:      if (state->hand[player][i] == copper)
        -: 1321:	{
     1988: 1322:	  state->coins += 1;
        -: 1323:	}
      497: 1324:      else if (state->hand[player][i] == silver)
        -: 1325:	{
    #####: 1326:	  state->coins += 2;
        -: 1327:	}
      497: 1328:      else if (state->hand[player][i] == gold)
        -: 1329:	{
    #####: 1330:	  state->coins += 3;
        -: 1331:	}
        -: 1332:    }
        -: 1333:
        -: 1334:  //add bonus
      497: 1335:  state->coins += bonus;
        -: 1336:
      497: 1337:  return 0;
        -: 1338:}
        -: 1339:
        -: 1340:
        -: 1341://end of dominion.c
